[2026-04-18 11:49:35,454] multiqc                                            [DEBUG  ]  No MultiQC config found: /home/daniel.castanedamogo/anaconda3/envs/multiqc/lib/python2.7/site-packages/multiqc-1.0.dev0-py2.7.egg/multiqc_config.yaml
[2026-04-18 11:49:35,454] multiqc                                            [DEBUG  ]  No MultiQC config found: /home/daniel.castanedamogo/.multiqc_config.yaml
[2026-04-18 11:49:35,455] multiqc                                            [DEBUG  ]  No MultiQC config found: multiqc_config.yaml
[2026-04-18 11:49:35,455] multiqc                                            [DEBUG  ]  Command used: /home/daniel.castanedamogo/anaconda3/envs/multiqc/bin/multiqc . -o ../multiqc_prinseq/
[2026-04-18 11:49:35,455] multiqc                                            [DEBUG  ]  Could not connect to multiqc.info for version check
[2026-04-18 11:49:35,455] multiqc                                            [INFO   ]  This is MultiQC v1.0.dev0
[2026-04-18 11:49:35,455] multiqc                                            [DEBUG  ]  Command     : /home/daniel.castanedamogo/anaconda3/envs/multiqc/bin/multiqc . -o ../multiqc_prinseq/
[2026-04-18 11:49:35,455] multiqc                                            [DEBUG  ]  Working dir : /bulk/IMCshared_bulk/daniel/parkinsons/novaseq/metqc_output_daniel/fastqc_prinseq
[2026-04-18 11:49:35,455] multiqc                                            [INFO   ]  Template    : default
[2026-04-18 11:49:35,456] multiqc                                            [INFO   ]  Searching '.'
[2026-04-18 11:49:35,456] multiqc                                            [DEBUG  ]  Analysing modules: custom_content, peddy, methylQA, qualimap, preseq, quast, rseqc, busco, goleft_indexcov, snpeff, gatk, htseq, bcftools, featureCounts, picard, prokka, samblaster, samtools, bamtools, bismark, hicup, salmon, kallisto, slamdunk, star, tophat, bowtie2, bowtie1, cutadapt, trimmomatic, skewer, fastq_screen, fastqc, clusterflow
[2026-04-18 11:49:35,457] multiqc                                            [DEBUG  ]  Using temporary directory for creating report: /home/daniel.castanedamogo/tmp/tmpVLhz9g
[2026-04-18 11:49:38,158] multiqc.modules.custom_content.custom_content      [DEBUG  ]  No custom content found
[2026-04-18 11:49:38,284] multiqc.modules.peddy.peddy                        [DEBUG  ]  Could not find any reports in ('.',)
[2026-04-18 11:49:38,329] multiqc.modules.methylQA.methylQA                  [DEBUG  ]  Could not find any reports in ('.',)
[2026-04-18 11:49:38,358] multiqc.modules.qualimap.QM_BamQC                  [DEBUG  ]  Using default Qualimap thresholds: 1, 5, 10, 30, 50
[2026-04-18 11:49:38,521] multiqc.modules.qualimap.qualimap                  [DEBUG  ]  Could not find any reports in ('.',)
[2026-04-18 11:50:01,928] multiqc.modules.preseq.preseq                      [DEBUG  ]  Could not find any preseq data in ('.',)
[2026-04-18 11:50:01,972] multiqc.modules.quast.quast                        [DEBUG  ]  Could not find any reports in ('.',)
[2026-04-18 11:50:06,087] multiqc.modules.rseqc.rseqc                        [DEBUG  ]  Could not find any reports in ('.',)
[2026-04-18 11:50:06,133] multiqc.modules.busco.busco                        [DEBUG  ]  Could not find any reports in ('.',)
[2026-04-18 11:50:06,203] multiqc.modules.goleft_indexcov.goleft_indexcov    [DEBUG  ]  Did not find goleft indexcov outputs in ('.',)
[2026-04-18 11:50:07,194] multiqc.modules.snpeff.snpeff                      [DEBUG  ]  Could not find any data in ('.',)
[2026-04-18 11:50:08,186] multiqc.modules.gatk.gatk                          [DEBUG  ]  Could not find any reports in ('.',)
[2026-04-18 11:50:09,326] multiqc.modules.htseq.htseq                        [DEBUG  ]  Could not find any reports in ('.',)
[2026-04-18 11:50:10,599] multiqc.modules.bcftools.bcftools                  [DEBUG  ]  Could not find any reports in ('.',)
[2026-04-18 11:50:10,644] multiqc.modules.featureCounts.feature_counts       [DEBUG  ]  Could not find any reports in ('.',)
[2026-04-18 11:50:20,262] multiqc.modules.picard.picard                      [DEBUG  ]  Could not find any reports in ('.',)
[2026-04-18 11:50:20,308] multiqc.modules.prokka.prokka                      [DEBUG  ]  Could not find any Prokka data in ('.',)
[2026-04-18 11:50:21,289] multiqc.modules.samblaster.samblaster              [DEBUG  ]  Could not find any data in ('.',)
[2026-04-18 11:50:24,197] multiqc.modules.samtools.samtools                  [DEBUG  ]  Could not find any reports in ('.',)
[2026-04-18 11:50:25,161] multiqc.modules.bamtools.bamtools                  [DEBUG  ]  Could not find any reports in ('.',)
[2026-04-18 11:50:25,322] multiqc.modules.bismark.bismark                    [DEBUG  ]  Could not find any reports in ('.',)
[2026-04-18 11:50:25,367] multiqc.modules.hicup.hicup                        [DEBUG  ]  Could not find any HiCUP data in ('.',)
[2026-04-18 11:50:25,439] multiqc.modules.salmon.salmon                      [DEBUG  ]  Could not find any Salmon data in ('.',)
[2026-04-18 11:50:26,396] multiqc.modules.kallisto.kallisto                  [DEBUG  ]  Could not find any reports in ('.',)
[2026-04-18 11:50:32,225] multiqc.modules.slamdunk.slamdunk                  [DEBUG  ]  No slamdunk reports found.
[2026-04-18 11:50:32,298] multiqc.modules.star.star                          [DEBUG  ]  Could not find any reports in ('.',)
[2026-04-18 11:50:32,345] multiqc.modules.tophat.tophat                      [DEBUG  ]  Could not find any reports in ('.',)
[2026-04-18 11:50:33,313] multiqc.modules.bowtie2.bowtie2                    [DEBUG  ]  Could not find any reports in ('.',)
[2026-04-18 11:50:34,276] multiqc.modules.bowtie1.bowtie1                    [DEBUG  ]  Could not find any reports in ('.',)
[2026-04-18 11:50:35,259] multiqc.modules.cutadapt.cutadapt                  [DEBUG  ]  Could not find any reports in ('.',)
[2026-04-18 11:50:36,254] multiqc.modules.trimmomatic.trimmomatic            [DEBUG  ]  Could not find any Trimmomatic data in ('.',)
[2026-04-18 11:50:37,207] multiqc.modules.skewer.skewer                      [DEBUG  ]  Could not find any data in ('.',)
[2026-04-18 11:50:37,260] multiqc.modules.fastq_screen.fastq_screen          [DEBUG  ]  Could not find any reports in ('.',)
[2026-04-18 11:52:01,223] multiqc.modules.fastqc.fastqc                      [INFO   ]  Found 372 reports
[2026-04-18 11:52:25,248] multiqc.modules.clusterflow.clusterflow            [DEBUG  ]  Could not find any reports in ('.',)
[2026-04-18 11:52:25,271] multiqc                                            [INFO   ]  Report      : ../multiqc_prinseq/multiqc_report.html
[2026-04-18 11:52:25,298] multiqc                                            [INFO   ]  Data        : ../multiqc_prinseq/multiqc_data
[2026-04-18 11:52:25,299] multiqc                                            [DEBUG  ]  Moving data file from '/home/daniel.castanedamogo/tmp/tmpVLhz9g/multiqc_data/multiqc_fastqc.txt' to '../multiqc_prinseq/multiqc_data'
[2026-04-18 11:52:25,307] multiqc                                            [DEBUG  ]  Moving data file from '/home/daniel.castanedamogo/tmp/tmpVLhz9g/multiqc_data/mqc_fastqc_per_base_sequence_quality_plot_1.txt' to '../multiqc_prinseq/multiqc_data'
[2026-04-18 11:52:25,327] multiqc                                            [DEBUG  ]  Moving data file from '/home/daniel.castanedamogo/tmp/tmpVLhz9g/multiqc_data/mqc_fastqc_per_sequence_quality_scores_plot_1.txt' to '../multiqc_prinseq/multiqc_data'
[2026-04-18 11:52:25,410] multiqc                                            [DEBUG  ]  Moving data file from '/home/daniel.castanedamogo/tmp/tmpVLhz9g/multiqc_data/mqc_fastqc_per_sequence_gc_content_plot_Percentages.txt' to '../multiqc_prinseq/multiqc_data'
[2026-04-18 11:52:25,448] multiqc                                            [DEBUG  ]  Moving data file from '/home/daniel.castanedamogo/tmp/tmpVLhz9g/multiqc_data/mqc_fastqc_per_sequence_gc_content_plot_Counts.txt' to '../multiqc_prinseq/multiqc_data'
[2026-04-18 11:52:25,485] multiqc                                            [DEBUG  ]  Moving data file from '/home/daniel.castanedamogo/tmp/tmpVLhz9g/multiqc_data/mqc_fastqc_per_base_n_content_plot_1.txt' to '../multiqc_prinseq/multiqc_data'
[2026-04-18 11:52:25,540] multiqc                                            [DEBUG  ]  Moving data file from '/home/daniel.castanedamogo/tmp/tmpVLhz9g/multiqc_data/mqc_fastqc_sequence_length_distribution_plot_1.txt' to '../multiqc_prinseq/multiqc_data'
[2026-04-18 11:52:25,577] multiqc                                            [DEBUG  ]  Moving data file from '/home/daniel.castanedamogo/tmp/tmpVLhz9g/multiqc_data/mqc_fastqc_sequence_duplication_levels_plot_1.txt' to '../multiqc_prinseq/multiqc_data'
[2026-04-18 11:52:25,598] multiqc                                            [DEBUG  ]  Moving data file from '/home/daniel.castanedamogo/tmp/tmpVLhz9g/multiqc_data/mqc_fastqc_overrepresented_sequencesi_plot_1.txt' to '../multiqc_prinseq/multiqc_data'
[2026-04-18 11:52:25,612] multiqc                                            [DEBUG  ]  Moving data file from '/home/daniel.castanedamogo/tmp/tmpVLhz9g/multiqc_data/mqc_fastqc_adapter_content_plot_1.txt' to '../multiqc_prinseq/multiqc_data'
[2026-04-18 11:52:25,619] multiqc                                            [DEBUG  ]  Moving data file from '/home/daniel.castanedamogo/tmp/tmpVLhz9g/multiqc_data/multiqc_general_stats.txt' to '../multiqc_prinseq/multiqc_data'
[2026-04-18 11:52:25,622] multiqc                                            [DEBUG  ]  Moving data file from '/home/daniel.castanedamogo/tmp/tmpVLhz9g/multiqc_data/multiqc_sources.txt' to '../multiqc_prinseq/multiqc_data'
[2026-04-18 11:52:26,029] multiqc                                            [INFO   ]  MultiQC complete
