[2026-04-17 14:31:50,902] multiqc                                            [DEBUG  ]  No MultiQC config found: /home/daniel.castanedamogo/anaconda3/envs/multiqc/lib/python2.7/site-packages/multiqc-1.0.dev0-py2.7.egg/multiqc_config.yaml
[2026-04-17 14:31:50,903] multiqc                                            [DEBUG  ]  No MultiQC config found: /home/daniel.castanedamogo/.multiqc_config.yaml
[2026-04-17 14:31:50,904] multiqc                                            [DEBUG  ]  No MultiQC config found: multiqc_config.yaml
[2026-04-17 14:31:50,904] multiqc                                            [DEBUG  ]  Command used: /home/daniel.castanedamogo/anaconda3/envs/multiqc/bin/multiqc . -o ../multiqc_cutadapt/
[2026-04-17 14:31:50,904] multiqc                                            [DEBUG  ]  Could not connect to multiqc.info for version check
[2026-04-17 14:31:50,904] multiqc                                            [INFO   ]  This is MultiQC v1.0.dev0
[2026-04-17 14:31:50,904] multiqc                                            [DEBUG  ]  Command     : /home/daniel.castanedamogo/anaconda3/envs/multiqc/bin/multiqc . -o ../multiqc_cutadapt/
[2026-04-17 14:31:50,904] multiqc                                            [DEBUG  ]  Working dir : /bulk/IMCshared_bulk/daniel/parkinsons/novaseq/metqc_output_daniel/fastqc_cutadapt
[2026-04-17 14:31:50,904] multiqc                                            [INFO   ]  Template    : default
[2026-04-17 14:31:50,905] multiqc                                            [INFO   ]  Searching '.'
[2026-04-17 14:31:50,905] multiqc                                            [DEBUG  ]  Analysing modules: custom_content, peddy, methylQA, qualimap, preseq, quast, rseqc, busco, goleft_indexcov, snpeff, gatk, htseq, bcftools, featureCounts, picard, prokka, samblaster, samtools, bamtools, bismark, hicup, salmon, kallisto, slamdunk, star, tophat, bowtie2, bowtie1, cutadapt, trimmomatic, skewer, fastq_screen, fastqc, clusterflow
[2026-04-17 14:31:50,906] multiqc                                            [DEBUG  ]  Using temporary directory for creating report: /home/daniel.castanedamogo/tmp/tmpOdd0k8
[2026-04-17 14:32:05,405] multiqc.modules.custom_content.custom_content      [DEBUG  ]  No custom content found
[2026-04-17 14:32:05,621] multiqc.modules.peddy.peddy                        [DEBUG  ]  Could not find any reports in ('.',)
[2026-04-17 14:32:05,672] multiqc.modules.methylQA.methylQA                  [DEBUG  ]  Could not find any reports in ('.',)
[2026-04-17 14:32:05,727] multiqc.modules.qualimap.QM_BamQC                  [DEBUG  ]  Using default Qualimap thresholds: 1, 5, 10, 30, 50
[2026-04-17 14:32:05,889] multiqc.modules.qualimap.qualimap                  [DEBUG  ]  Could not find any reports in ('.',)
[2026-04-17 14:32:21,027] multiqc.modules.preseq.preseq                      [DEBUG  ]  Could not find any preseq data in ('.',)
[2026-04-17 14:32:21,094] multiqc.modules.quast.quast                        [DEBUG  ]  Could not find any reports in ('.',)
[2026-04-17 14:32:25,215] multiqc.modules.rseqc.rseqc                        [DEBUG  ]  Could not find any reports in ('.',)
[2026-04-17 14:32:25,441] multiqc.modules.busco.busco                        [DEBUG  ]  Could not find any reports in ('.',)
[2026-04-17 14:32:25,604] multiqc.modules.goleft_indexcov.goleft_indexcov    [DEBUG  ]  Did not find goleft indexcov outputs in ('.',)
[2026-04-17 14:32:26,640] multiqc.modules.snpeff.snpeff                      [DEBUG  ]  Could not find any data in ('.',)
[2026-04-17 14:32:27,778] multiqc.modules.gatk.gatk                          [DEBUG  ]  Could not find any reports in ('.',)
[2026-04-17 14:32:28,823] multiqc.modules.htseq.htseq                        [DEBUG  ]  Could not find any reports in ('.',)
[2026-04-17 14:32:29,932] multiqc.modules.bcftools.bcftools                  [DEBUG  ]  Could not find any reports in ('.',)
[2026-04-17 14:32:29,984] multiqc.modules.featureCounts.feature_counts       [DEBUG  ]  Could not find any reports in ('.',)
[2026-04-17 14:32:39,384] multiqc.modules.picard.picard                      [DEBUG  ]  Could not find any reports in ('.',)
[2026-04-17 14:32:39,436] multiqc.modules.prokka.prokka                      [DEBUG  ]  Could not find any Prokka data in ('.',)
[2026-04-17 14:32:40,474] multiqc.modules.samblaster.samblaster              [DEBUG  ]  Could not find any data in ('.',)
[2026-04-17 14:32:43,473] multiqc.modules.samtools.samtools                  [DEBUG  ]  Could not find any reports in ('.',)
[2026-04-17 14:32:44,420] multiqc.modules.bamtools.bamtools                  [DEBUG  ]  Could not find any reports in ('.',)
[2026-04-17 14:32:44,598] multiqc.modules.bismark.bismark                    [DEBUG  ]  Could not find any reports in ('.',)
[2026-04-17 14:32:44,791] multiqc.modules.hicup.hicup                        [DEBUG  ]  Could not find any HiCUP data in ('.',)
[2026-04-17 14:32:45,011] multiqc.modules.salmon.salmon                      [DEBUG  ]  Could not find any Salmon data in ('.',)
[2026-04-17 14:32:46,102] multiqc.modules.kallisto.kallisto                  [DEBUG  ]  Could not find any reports in ('.',)
[2026-04-17 14:32:51,777] multiqc.modules.slamdunk.slamdunk                  [DEBUG  ]  No slamdunk reports found.
[2026-04-17 14:32:51,919] multiqc.modules.star.star                          [DEBUG  ]  Could not find any reports in ('.',)
[2026-04-17 14:32:51,972] multiqc.modules.tophat.tophat                      [DEBUG  ]  Could not find any reports in ('.',)
[2026-04-17 14:32:52,929] multiqc.modules.bowtie2.bowtie2                    [DEBUG  ]  Could not find any reports in ('.',)
[2026-04-17 14:32:53,928] multiqc.modules.bowtie1.bowtie1                    [DEBUG  ]  Could not find any reports in ('.',)
[2026-04-17 14:32:55,045] multiqc.modules.cutadapt.cutadapt                  [DEBUG  ]  Could not find any reports in ('.',)
[2026-04-17 14:32:56,012] multiqc.modules.trimmomatic.trimmomatic            [DEBUG  ]  Could not find any Trimmomatic data in ('.',)
[2026-04-17 14:32:56,977] multiqc.modules.skewer.skewer                      [DEBUG  ]  Could not find any data in ('.',)
[2026-04-17 14:32:57,151] multiqc.modules.fastq_screen.fastq_screen          [DEBUG  ]  Could not find any reports in ('.',)
[2026-04-17 14:34:21,169] multiqc.modules.fastqc.fastqc                      [INFO   ]  Found 372 reports
[2026-04-17 14:34:45,678] multiqc.modules.clusterflow.clusterflow            [DEBUG  ]  Could not find any reports in ('.',)
[2026-04-17 14:34:45,700] multiqc                                            [INFO   ]  Report      : ../multiqc_cutadapt/multiqc_report.html
[2026-04-17 14:34:45,703] multiqc                                            [INFO   ]  Data        : ../multiqc_cutadapt/multiqc_data
[2026-04-17 14:34:45,705] multiqc                                            [DEBUG  ]  Moving data file from '/home/daniel.castanedamogo/tmp/tmpOdd0k8/multiqc_data/multiqc_fastqc.txt' to '../multiqc_cutadapt/multiqc_data'
[2026-04-17 14:34:45,718] multiqc                                            [DEBUG  ]  Moving data file from '/home/daniel.castanedamogo/tmp/tmpOdd0k8/multiqc_data/mqc_fastqc_per_base_sequence_quality_plot_1.txt' to '../multiqc_cutadapt/multiqc_data'
[2026-04-17 14:34:45,743] multiqc                                            [DEBUG  ]  Moving data file from '/home/daniel.castanedamogo/tmp/tmpOdd0k8/multiqc_data/mqc_fastqc_per_sequence_quality_scores_plot_1.txt' to '../multiqc_cutadapt/multiqc_data'
[2026-04-17 14:34:45,753] multiqc                                            [DEBUG  ]  Moving data file from '/home/daniel.castanedamogo/tmp/tmpOdd0k8/multiqc_data/mqc_fastqc_per_sequence_gc_content_plot_Percentages.txt' to '../multiqc_cutadapt/multiqc_data'
[2026-04-17 14:34:45,768] multiqc                                            [DEBUG  ]  Moving data file from '/home/daniel.castanedamogo/tmp/tmpOdd0k8/multiqc_data/mqc_fastqc_per_sequence_gc_content_plot_Counts.txt' to '../multiqc_cutadapt/multiqc_data'
[2026-04-17 14:34:45,782] multiqc                                            [DEBUG  ]  Moving data file from '/home/daniel.castanedamogo/tmp/tmpOdd0k8/multiqc_data/mqc_fastqc_per_base_n_content_plot_1.txt' to '../multiqc_cutadapt/multiqc_data'
[2026-04-17 14:34:45,789] multiqc                                            [DEBUG  ]  Moving data file from '/home/daniel.castanedamogo/tmp/tmpOdd0k8/multiqc_data/mqc_fastqc_sequence_length_distribution_plot_1.txt' to '../multiqc_cutadapt/multiqc_data'
[2026-04-17 14:34:45,800] multiqc                                            [DEBUG  ]  Moving data file from '/home/daniel.castanedamogo/tmp/tmpOdd0k8/multiqc_data/mqc_fastqc_sequence_duplication_levels_plot_1.txt' to '../multiqc_cutadapt/multiqc_data'
[2026-04-17 14:34:45,823] multiqc                                            [DEBUG  ]  Moving data file from '/home/daniel.castanedamogo/tmp/tmpOdd0k8/multiqc_data/mqc_fastqc_overrepresented_sequencesi_plot_1.txt' to '../multiqc_cutadapt/multiqc_data'
[2026-04-17 14:34:45,829] multiqc                                            [DEBUG  ]  Moving data file from '/home/daniel.castanedamogo/tmp/tmpOdd0k8/multiqc_data/mqc_fastqc_adapter_content_plot_1.txt' to '../multiqc_cutadapt/multiqc_data'
[2026-04-17 14:34:45,845] multiqc                                            [DEBUG  ]  Moving data file from '/home/daniel.castanedamogo/tmp/tmpOdd0k8/multiqc_data/multiqc_general_stats.txt' to '../multiqc_cutadapt/multiqc_data'
[2026-04-17 14:34:45,850] multiqc                                            [DEBUG  ]  Moving data file from '/home/daniel.castanedamogo/tmp/tmpOdd0k8/multiqc_data/multiqc_sources.txt' to '../multiqc_cutadapt/multiqc_data'
[2026-04-17 14:34:47,322] multiqc                                            [INFO   ]  MultiQC complete
