2026-04-23 12:18:50.710663 INFO::Writing function arguments to log file
2026-04-23 12:18:50.711995 DEBUG::Function arguments
2026-04-23 12:18:50.712463 DEBUG::Output folder: maaslin2/humann_pd_vs_no_pd
2026-04-23 12:18:50.712913 DEBUG::Min Abundance: 0.000000
2026-04-23 12:18:50.71336 DEBUG::Min Prevalence: 0.100000
2026-04-23 12:18:50.713802 DEBUG::Normalization: TSS
2026-04-23 12:18:50.714245 DEBUG::Transform: LOG
2026-04-23 12:18:50.714683 DEBUG::Analysis method: LM
2026-04-23 12:18:50.715123 DEBUG::Max significance: 0.250000
2026-04-23 12:18:50.715574 DEBUG::Random effects:
2026-04-23 12:18:50.716018 DEBUG::Fixed effects: Group
2026-04-23 12:18:50.716459 DEBUG::Correction method: BH
2026-04-23 12:18:50.716944 DEBUG::Standardize: TRUE
2026-04-23 12:18:50.717578 DEBUG::Cores: 6
2026-04-23 12:18:50.718047 INFO::Verifying options selected are valid
2026-04-23 12:18:50.719229 INFO::Determining format of input files
2026-04-23 12:18:50.720384 INFO::Input format is data samples as columns and metadata samples as rows
2026-04-23 12:18:50.727659 DEBUG::Transformed data so samples are rows
2026-04-23 12:18:50.735597 DEBUG::The following samples were found to have features but no metadata. They will be removed. PD_107P,PD_192S,PD_199P,PD_218S,PD_26P,PD_36P,PD_40P,PD_70P,PD_81P
2026-04-23 12:18:50.736286 DEBUG::A total of 167 samples were found in both the data and metadata
2026-04-23 12:18:50.736736 DEBUG::Reordering data/metadata to use same sample ordering
2026-04-23 12:18:50.743464 INFO::Formula for fixed effects: expr ~  Group
2026-04-23 12:18:50.744992 INFO::Filter data based on min abundance and min prevalence
2026-04-23 12:18:50.746047 INFO::Total samples in data: 167
2026-04-23 12:18:50.747156 INFO::Min samples required with min abundance for a feature not to be filtered: 16.700000
2026-04-23 12:18:50.756894 INFO::Total filtered features: 159
2026-04-23 12:18:50.759003 INFO::Filtered feature names from abundance and prevalence filtering: X4.HYDROXYMANDELATE.DEGRADATION.PWY..4.hydroxymandelate.degradation, AEROBACTINSYN.PWY..aerobactin.biosynthesis, CATECHOL.ORTHO.CLEAVAGE.PWY..catechol.degradation.to..beta..ketoadipate, CHLOROPHYLL.SYN..3.8.divinyl.chlorophyllide.a.biosynthesis.I..aerobic..light.dependent., CRNFORCAT.PWY..creatinine.degradation.I, DENITRIFICATION.PWY..nitrate.reduction.I..denitrification., DHGLUCONATE.PYR.CAT.PWY..glucose.degradation..oxidative., ERGOSTEROL.SYN.PWY..superpathway.of.ergosterol.biosynthesis.I, LPSSYN.PWY..superpathway.of.lipopolysaccharide.biosynthesis, NADSYN.PWY..NAD.de.novo.biosynthesis.II..from.tryptophan., P162.PWY..L.glutamate.degradation.V..via.hydroxyglutarate., P163.PWY..L.lysine.fermentation.to.acetate.and.butanoate, P261.PWY..coenzyme.M.biosynthesis.I, P562.PWY..myo.inositol.degradation.I, PHOTOALL.PWY..oxygenic.photosynthesis, PROPFERM.PWY..superpathway.of.L.alanine.fermentation..Stickland.reaction., PROTOCATECHUATE.ORTHO.CLEAVAGE.PWY..protocatechuate.degradation.II..ortho.cleavage.pathway., PWY.101..photosynthesis.light.reactions, PWY.1501..mandelate.degradation.I, PWY.2201..folate.transformations.I, PWY.3502..superpathway.of.NAD.biosynthesis.in.eukaryotes, PWY.3781..aerobic.respiration.I..cytochrome.c., PWY.3801..sucrose.degradation.II..sucrose.synthase., PWY.3941...beta..alanine.biosynthesis.II, PWY.4221..superpathway.of.coenzyme.A.biosynthesis.II..plants., PWY.4361..S.methyl.5.thio..alpha..D.ribose.1.phosphate.degradation.I, PWY.4702..phytate.degradation.I, PWY.5028..L.histidine.degradation.II, PWY.5067..glycogen.biosynthesis.II..from.UDP.D.Glucose., PWY.5079..L.phenylalanine.degradation.III, PWY.5080..very.long.chain.fatty.acid.biosynthesis.I, PWY.5088..L.glutamate.degradation.VIII..to.propanoate., PWY.5101..L.isoleucine.biosynthesis.II, PWY.5129..sphingolipid.biosynthesis..plants., PWY.5156..superpathway.of.fatty.acid.biosynthesis.II..plant., PWY.5180..toluene.degradation.I..aerobic...via.o.cresol., PWY.5392..reductive.TCA.cycle.II, PWY.5415..catechol.degradation.I..meta.cleavage.pathway., PWY.5417..catechol.degradation.III..ortho.cleavage.pathway., PWY.5419..catechol.degradation.to.2.hydroxypentadienoate.II, PWY.5420..catechol.degradation.II..meta.cleavage.pathway., PWY.5431..aromatic.compounds.degradation.via..beta..ketoadipate, PWY.5464..superpathway.of.cytosolic.glycolysis..plants...pyruvate.dehydrogenase.and.TCA.cycle, PWY.5494..pyruvate.fermentation.to.propanoate.II..acrylate.pathway., PWY.5514..UDP.N.acetyl.D.galactosamine.biosynthesis.II, PWY.5651..L.tryptophan.degradation.to.2.amino.3.carboxymuconate.semialdehyde, PWY.5654..2.amino.3.carboxymuconate.semialdehyde.degradation.to.2.hydroxypentadienoate, PWY.5742..L.arginine.degradation.IX..arginine.pyruvate.transaminase.pathway., PWY.5870..ubiquinol.8.biosynthesis..late.decarboxylation., PWY.5873..ubiquinol.7.biosynthesis..late.decarboxylation., PWY.6075..ergosterol.biosynthesis.I, PWY.6113..superpathway.of.mycolate.biosynthesis, PWY.6138..CMP.N.acetylneuraminate.biosynthesis.I..eukaryotes., PWY.6174..mevalonate.pathway.II..haloarchaea., PWY.6182..superpathway.of.salicylate.degradation, PWY.6185..4.methylcatechol.degradation..ortho.cleavage., PWY.6210..2.aminophenol.degradation, PWY.6215..4.chlorobenzoate.degradation, PWY.6269..superpathway.of.adenosylcobalamin.salvage.from.cobinamide.II, PWY.6281..L.selenocysteine.biosynthesis.II..archaea.and.eukaryotes., PWY.6309..L.tryptophan.degradation.XI..mammalian..via.kynurenine., PWY.6351..D.myo.inositol..1.4.5..trisphosphate.biosynthesis, PWY.6352..3.phosphoinositide.biosynthesis, PWY.6396..superpathway.of.2.3.butanediol.biosynthesis, PWY.6415..L.ascorbate.biosynthesis.V..euglena..D.galacturonate.pathway., PWY.6467..Kdo.transfer.to.lipid.IVA.III..Chlamydia., PWY.6471..peptidoglycan.biosynthesis.IV..Enterococcus.faecium., PWY.6478..GDP.D.glycero..alpha..D.manno.heptose.biosynthesis, PWY.6518..bile.acids.epimerization, PWY.6565..superpathway.of.polyamine.biosynthesis.III, PWY.6596..adenosine.nucleotides.degradation.I, PWY.6662..superpathway.of.quinolone.and.alkylquinolone.biosynthesis, PWY.6708..ubiquinol.8.biosynthesis..early.decarboxylation., PWY.6748..nitrate.reduction.VII..denitrification., PWY.6763..salicortin.biosynthesis, PWY.6797..6.hydroxymethyl.dihydropterin.diphosphate.biosynthesis.II..Methanocaldococcus., PWY.6837..fatty.acid..beta..oxidation.V..unsaturated..odd.number..di.isomerase.dependent., PWY.6842..glutathione.mediated.detoxification.II, PWY.6891..thiazole.component.of.thiamine.diphosphate.biosynthesis.II, PWY.6920..6.gingerol.analog.biosynthesis..engineered., PWY.6981..chitin.biosynthesis, PWY.7009..2.2..dihydroxybiphenyl.degradation, PWY.7031..protein.N.glycosylation..bacterial., PWY.7039..phosphatidate.metabolism..as.a.signaling.molecule, PWY.7090..UDP.2.3.diacetamido.2.3.dideoxy..alpha..D.mannuronate.biosynthesis, PWY.7159..3.8.divinyl.chlorophyllide.a.biosynthesis.III..aerobic..light.independent., PWY.7165..L.ascorbate.biosynthesis.VIII..engineered.pathway., PWY.7200..superpathway.of.pyrimidine.deoxyribonucleoside.salvage, PWY.7230..ubiquinol.6.biosynthesis.from.4.aminobenzoate..yeast., PWY.7235..superpathway.of.ubiquinol.6.biosynthesis..late.decarboxylation., PWY.7245..superpathway.of.NAD.NADP...NADH.NADPH.interconversion..yeast., PWY.7268..cytosolic.NADPH.production..yeast., PWY.7270..L.methionine.salvage.cycle.II..plants., PWY.7279..aerobic.respiration.II..cytochrome.c...yeast., PWY.7283..wybutosine.biosynthesis, PWY.7294..D.xylose.degradation.IV, PWY.7332..superpathway.of.UDP.N.acetylglucosamine.derived.O.antigen.building.blocks.biosynthesis, PWY.7337..10.cis.heptadecenoyl.CoA.degradation..yeast., PWY.7338..10.trans.heptadecenoyl.CoA.degradation..reductase.dependent..yeast., PWY.7374..1.4.dihydroxy.6.naphthoate.biosynthesis.I, PWY.7377..cob.II.yrinate.a.c.diamide.biosynthesis.I..early.cobalt.insertion., PWY.7391..isoprene.biosynthesis.II..engineered., PWY.7396..butanol.and.isobutanol.biosynthesis..engineered., PWY.7399..methylphosphonate.degradation.II, PWY.7409..phospholipid.remodeling..phosphatidylethanolamine..yeast., PWY.7411..phosphatidate.biosynthesis..yeast., PWY.7413..dTDP.6.deoxy..alpha..D.allose.biosynthesis, PWY.7420..monoacylglycerol.metabolism..yeast., PWY.7434..terminal.O.glycans.residues.modification..via.type.2.precursor.disaccharide., PWY.7511..protein.ubiquitination, PWY.7527..L.methionine.salvage.cycle.III, PWY.7528..L.methionine.salvage.cycle.I..bacteria.and.plants., PWY.7546..diphthamide.biosynthesis.II..eukaryotes., PWY.7574..propanoyl.CoA.degradation.II, PWY.7626..bacilysin.biosynthesis, PWY.7717..3.hydroxy.4.methyl.anthranilate.biosynthesis.I, PWY.7723..bacterial.bioluminescence, PWY.7731..superpathway.of.photosynthetic.hydrogen.production, PWY.7754..bile.acid.7.alpha..dehydroxylation, PWY.7783..plasmalogen.degradation, PWY.7784..reductive.acetyl.coenzyme.A.pathway.II..autotrophic.methanogens., PWY.7800..Ac.N.end.rule.pathway, PWY.7805...aminomethyl.phosphonate.degradation, PWY.7807..glyphosate.degradation.III, PWY.7815..poly.ribitol.phosphate..wall.teichoic.acid.biosynthesis.I..B..subtilis., PWY.7816..poly.ribitol.phosphate..wall.teichoic.acid.biosynthesis.II..S..aureus., PWY.7819..poly.3.O..beta..D.glucopyranosyl.N.acetylgalactosamine.1.phosphate..wall.teichoic.acid.biosynthesis, PWY.7820..teichuronic.acid.biosynthesis..B..subtilis.168., PWY.7853..6.hydroxymethyl.dihydropterin.diphosphate.biosynthesis.V..Pyrococcus., PWY.7854..crotonyl.CoA.ethylmalonyl.CoA.hydroxybutyryl.CoA.cycle..engineered., PWY.8055..palmitoyl.ethanolamide.biosynthesis, PWY.8125..mevalonate.pathway.IV..archaea., PWY.8134..bile.acid.7.beta..dehydroxylation, PWY.8173..anteiso.branched.chain.fatty.acid.biosynthesis, PWY.8174..odd.iso.branched.chain.fatty.acid.biosynthesis, PWY.8175..even.iso.branched.chain.fatty.acid.biosynthesis, PWY.8188..L.alanine.degradation.VI..reductive.Stickland.reaction., PWY.8189..L.alanine.degradation.V..oxidative.Stickland.reaction., PWY.8190..L.glutamate.degradation.XI..reductive.Stickland.reaction., PWY0.1533..methylphosphonate.degradation.I, PWY0.881..superpathway.of.fatty.acid.biosynthesis.I..E..coli., PWY1G.0..mycothiol.biosynthesis, PWY3DJ.12..ceramide.de.novo.biosynthesis, PWY3O.19..ubiquinol.6.biosynthesis..late.decarboxylation., PWY3O.4108..L.tyrosine.degradation.III, PWY490.3..nitrate.reduction.VI..assimilatory., PWY5F9.12..biphenyl.degradation, PWY66.201..nicotine.degradation.IV, PWY66.367..ketogenesis, PWY66.388..ceramide.degradation.by..alpha..oxidation, PWY66.398..TCA.cycle.III..animals., SPHINGOLIPID.SYN.PWY..sphingolipid.biosynthesis..yeast., TEICHOICACID.PWY..poly.glycerol.phosphate..wall.teichoic.acid.biosynthesis, TRIGLSYN.PWY..diacylglycerol.and.triacylglycerol.biosynthesis, TYRFUMCAT.PWY..L.tyrosine.degradation.I, UBISYN.PWY..superpathway.of.ubiquinol.8.biosynthesis..early.decarboxylation., UDPNACETYLGALSYN.PWY..UDP.N.acetyl.D.glucosamine.biosynthesis.II, URSIN.PWY..ureide.biosynthesis, VALDEG.PWY..L.valine.degradation.I
2026-04-23 12:18:50.773559 INFO::Total filtered features with variance filtering: 0
2026-04-23 12:18:50.774864 INFO::Filtered feature names from variance filtering:
2026-04-23 12:18:50.775903 INFO::Running selected normalization method: TSS
2026-04-23 12:18:50.789106 INFO::Applying z-score to standardize continuous metadata
2026-04-23 12:18:50.792248 INFO::Running selected transform method: LOG
2026-04-23 12:18:50.811636 INFO::Running selected analysis method: LM
2026-04-23 12:18:50.812991 INFO::Creating cluster of 6 R processes
2026-04-23 12:19:03.295772 INFO::Counting total values for each feature
2026-04-23 12:19:03.315009 INFO::Writing filtered data to file maaslin2/humann_pd_vs_no_pd/features/filtered_data.tsv
2026-04-23 12:19:03.410006 INFO::Writing filtered, normalized data to file maaslin2/humann_pd_vs_no_pd/features/filtered_data_norm.tsv
2026-04-23 12:19:03.486022 INFO::Writing filtered, normalized, transformed data to file maaslin2/humann_pd_vs_no_pd/features/filtered_data_norm_transformed.tsv
2026-04-23 12:19:03.560928 INFO::Writing residuals to file maaslin2/humann_pd_vs_no_pd/fits/residuals.rds
2026-04-23 12:19:03.591058 INFO::Writing fitted values to file maaslin2/humann_pd_vs_no_pd/fits/fitted.rds
2026-04-23 12:19:03.600545 INFO::Writing all results to file (ordered by increasing q-values): maaslin2/humann_pd_vs_no_pd/all_results.tsv
2026-04-23 12:19:03.606413 INFO::Writing the significant results (those which are less than or equal to the threshold of 0.250000 ) to file (ordered by increasing q-values): maaslin2/humann_pd_vs_no_pd/significant_results.tsv
2026-04-23 12:19:03.610016 INFO::Writing heatmap of significant results to file: maaslin2/humann_pd_vs_no_pd/heatmap.pdf
