[2026-04-21 21:21:43,196] multiqc                                            [DEBUG  ]  No MultiQC config found: /home/daniel.castanedamogo/anaconda3/envs/multiqc/lib/python2.7/site-packages/multiqc-1.0.dev0-py2.7.egg/multiqc_config.yaml
[2026-04-21 21:21:43,197] multiqc                                            [DEBUG  ]  No MultiQC config found: /home/daniel.castanedamogo/.multiqc_config.yaml
[2026-04-21 21:21:43,197] multiqc                                            [DEBUG  ]  No MultiQC config found: multiqc_config.yaml
[2026-04-21 21:21:43,249] multiqc                                            [DEBUG  ]  Loading config settings from: utils/multiqc_config.yaml
[2026-04-21 21:21:43,249] multiqc                                            [DEBUG  ]  New config 'megaqc_timeout': 30
[2026-04-21 21:21:43,249] multiqc                                            [DEBUG  ]  New config 'data_dir_name': multiqc_data
[2026-04-21 21:21:43,249] multiqc                                            [DEBUG  ]  New config 'subtitle': None
[2026-04-21 21:21:43,249] multiqc                                            [DEBUG  ]  New config 'fn_ignore_files': ['.DS_Store', '*.bam', '*.bai', '*.sam', '*.fq.gz', '*.fastq.gz', '*.fq', '*.fastq', '*.fa', '*.gtf', '*.bed', '*.vcf', '*.txt.gz', '*.pdf', '*.html']
[2026-04-21 21:21:43,249] multiqc                                            [DEBUG  ]  New config 'prepend_dirs': False
[2026-04-21 21:21:43,249] multiqc                                            [DEBUG  ]  New config 'table_cond_formatting_colours': [{'blue': '#337ab7'}, {'lbue': '#5bc0de'}, {'pass': '#5cb85c'}, {'warn': '#f0ad4e'}, {'fail': '#d9534f'}]
[2026-04-21 21:21:43,249] multiqc                                            [DEBUG  ]  New config 'sample_names_ignore': []
[2026-04-21 21:21:43,249] multiqc                                            [DEBUG  ]  New config 'base_count_multiplier': 1e-06
[2026-04-21 21:21:43,249] multiqc                                            [DEBUG  ]  New config 'file_list': False
[2026-04-21 21:21:43,249] multiqc                                            [DEBUG  ]  New config 'base_count_prefix': Mb
[2026-04-21 21:21:43,250] multiqc                                            [DEBUG  ]  New config 'collapse_tables': True
[2026-04-21 21:21:43,250] multiqc                                            [DEBUG  ]  New config 'num_datasets_plot_limit': 50
[2026-04-21 21:21:43,250] multiqc                                            [DEBUG  ]  New config 'plots_dir_name': multiqc_plots
[2026-04-21 21:21:43,250] multiqc                                            [DEBUG  ]  New config 'plots_force_interactive': False
[2026-04-21 21:21:43,250] multiqc                                            [DEBUG  ]  New config 'title': None
[2026-04-21 21:21:43,250] multiqc                                            [DEBUG  ]  New config 'sample_names_rename_buttons': []
[2026-04-21 21:21:43,250] multiqc                                            [DEBUG  ]  New config 'top_modules': []
[2026-04-21 21:21:43,250] multiqc                                            [DEBUG  ]  New config 'zip_data_dir': False
[2026-04-21 21:21:43,250] multiqc                                            [DEBUG  ]  New config 'custom_plot_config': {}
[2026-04-21 21:21:43,250] multiqc                                            [DEBUG  ]  New config 'report_header_info': None
[2026-04-21 21:21:43,250] multiqc                                            [DEBUG  ]  New config 'remove_sections': []
[2026-04-21 21:21:43,250] multiqc                                            [DEBUG  ]  New config 'read_count_prefix': M
[2026-04-21 21:21:43,250] multiqc                                            [DEBUG  ]  New config 'fn_clean_sample_names': True
[2026-04-21 21:21:43,250] multiqc                                            [DEBUG  ]  New config 'prepend_dirs_sep':  | 
[2026-04-21 21:21:43,250] multiqc                                            [DEBUG  ]  New config 'lint': False
[2026-04-21 21:21:43,250] multiqc                                            [DEBUG  ]  New config 'section_comments': {}
[2026-04-21 21:21:43,250] multiqc                                            [DEBUG  ]  New config 'fn_clean_trim': ['.', ':', '_', '-', '.r', '_val', '.idxstats', '_trimmed', '.trimmed', '.csv', '.yaml', '.yml', '.json', '_mqc', 'short_summary_', '_summary', '.summary', '.align', '.h5', '_matrix', '.stats', '.hist']
[2026-04-21 21:21:43,250] multiqc                                            [DEBUG  ]  New config 'export_plots': False
[2026-04-21 21:21:43,250] multiqc                                            [DEBUG  ]  New config 'report_comment': None
[2026-04-21 21:21:43,250] multiqc                                            [DEBUG  ]  New config 'custom_logo_title': None
[2026-04-21 21:21:43,250] multiqc                                            [DEBUG  ]  New config 'no_version_check': False
[2026-04-21 21:21:43,250] multiqc                                            [DEBUG  ]  New config 'intro_text': None
[2026-04-21 21:21:43,250] multiqc                                            [DEBUG  ]  New config 'fn_ignore_paths': ['*/work/??/??????????????????????????????']
[2026-04-21 21:21:43,250] multiqc                                            [DEBUG  ]  New config 'ignore_symlinks': False
[2026-04-21 21:21:43,250] multiqc                                            [DEBUG  ]  New config 'table_cond_formatting_rules': {'all_columns': {'warn': [{'s_eq': 'warn'}, {'s_eq': 'unknown'}], 'fail': [{'s_eq': 'fail'}, {'s_eq': 'false'}], 'pass': [{'s_eq': 'pass'}, {'s_eq': 'true'}]}}
[2026-04-21 21:21:43,250] multiqc                                            [DEBUG  ]  New config 'output_fn_name': multiqc_report.html
[2026-04-21 21:21:43,250] multiqc                                            [DEBUG  ]  New config 'simple_output': False
[2026-04-21 21:21:43,250] multiqc                                            [DEBUG  ]  New config 'megaqc_access_token': None
[2026-04-21 21:21:43,251] multiqc                                            [DEBUG  ]  New config 'custom_logo_url': None
[2026-04-21 21:21:43,251] multiqc                                            [DEBUG  ]  New config 'force': False
[2026-04-21 21:21:43,251] multiqc                                            [DEBUG  ]  New config 'data_format_extensions': {'tsv': 'txt', 'yaml': 'yaml', 'json': 'json'}
[2026-04-21 21:21:43,251] multiqc                                            [DEBUG  ]  New config 'plots_force_flat': False
[2026-04-21 21:21:43,251] multiqc                                            [DEBUG  ]  New config 'fn_ignore_dirs': ['multiqc_data', 'icarus_viewers', 'runs_per_reference', 'not_aligned', 'contigs_reports']
[2026-04-21 21:21:43,251] multiqc                                            [DEBUG  ]  New config 'table_columns_visible': {}
[2026-04-21 21:21:43,251] multiqc                                            [DEBUG  ]  New config 'decimalPoint_format': None
[2026-04-21 21:21:43,251] multiqc                                            [DEBUG  ]  New config 'custom_logo': None
[2026-04-21 21:21:43,251] multiqc                                            [DEBUG  ]  New config 'fn_clean_exts': ['.gz', '.fastq', '.fq', '.bam', '.sam', '.sra', '.vcf', '.dat', '_tophat', '.log', '.stderr', '.out', '.spp', '.fa', '.fasta', '.png', '.jpg', '.jpeg', 'Log.final', 'ReadsPerGene', '.flagstat', '_star_aligned', '_fastqc', '.hicup', '.counts', '_counts', '.txt', '.tsv', '.csv', '.aligned', 'Aligned', '.merge', '.deduplicated', '.dedup', '.clean', '.sorted', '.report', '| stdin', '.geneBodyCoverage', '.inner_distance_freq', '.junctionSaturation_plot.r', '.pos.DupRate.xls', '.GC.xls', '_slamdunk', '_bismark', '.conpair', '.concordance', '.contamination', '.BEST.results', '_peaks.xls', '.relatedness', '.cnt', '.aqhist', '.bhist', '.bincov', '.bqhist', '.covhist', '.covstats', '.ehist', '.gchist', '.idhist', '.ihist', '.indelhist', '.lhist', '.mhist', '.qahist', '.qhist', '.rpkm', '.selfSM', '.extendedFrags']
[2026-04-21 21:21:43,251] multiqc                                            [DEBUG  ]  New config 'prepend_dirs_depth': 0
[2026-04-21 21:21:43,251] multiqc                                            [DEBUG  ]  New config 'template': default
[2026-04-21 21:21:43,251] multiqc                                            [DEBUG  ]  New config 'read_count_desc': millions
[2026-04-21 21:21:43,251] multiqc                                            [DEBUG  ]  New config 'sample_names_ignore_re': []
[2026-04-21 21:21:43,251] multiqc                                            [DEBUG  ]  New config 'skip_generalstats': False
[2026-04-21 21:21:43,251] multiqc                                            [DEBUG  ]  New config 'sample_names_rename': []
[2026-04-21 21:21:43,251] multiqc                                            [DEBUG  ]  New config 'config_file': None
[2026-04-21 21:21:43,251] multiqc                                            [DEBUG  ]  New config 'read_count_multiplier': 1e-06
[2026-04-21 21:21:43,251] multiqc                                            [DEBUG  ]  New config 'thousandsSep_format': None
[2026-04-21 21:21:43,251] multiqc                                            [DEBUG  ]  New config 'report_readerrors': False
[2026-04-21 21:21:43,251] multiqc                                            [DEBUG  ]  New config 'megaqc_url': False
[2026-04-21 21:21:43,251] multiqc                                            [DEBUG  ]  New config 'export_plot_formats': ['png', 'svg', 'pdf']
[2026-04-21 21:21:43,251] multiqc                                            [DEBUG  ]  New config 'max_table_rows': 500
[2026-04-21 21:21:43,251] multiqc                                            [DEBUG  ]  New config 'table_columns_placement': {}
[2026-04-21 21:21:43,251] multiqc                                            [DEBUG  ]  New config 'pandoc_template': None
[2026-04-21 21:21:43,251] multiqc                                            [DEBUG  ]  New config 'make_data_dir': True
[2026-04-21 21:21:43,251] multiqc                                            [DEBUG  ]  New config 'plots_flat_numseries': 1
[2026-04-21 21:21:43,252] multiqc                                            [DEBUG  ]  New config 'module_order': ['custom_content', {'conpair': {'module_tag': ['WGS', 'cancer', 'DNA']}}, {'peddy': {'module_tag': ['DNA']}}, {'methylQA': {'module_tag': ['Methylation', 'DNA']}}, {'phantompeakqualtools': {'module_tag': ['chip']}}, {'qualimap': {'module_tag': ['DNA', 'RNA']}}, {'preseq': {'module_tag': ['DNA', 'RNA']}}, {'quast': {'module_tag': ['DNA', 'Metagenomics', 'Denovo']}}, {'qorts': {'module_tag': ['RNA']}}, {'rna_seqc': {'module_tag': ['RNA']}}, {'rsem': {'module_tag': ['RNA']}}, {'rseqc': {'module_tag': ['RNA']}}, {'busco': {'module_tag': ['Denovo']}}, {'goleft_indexcov': {'module_tag': ['DNA']}}, {'disambiguate': {'module_tag': ['RNA']}}, {'supernova': {'module_tag': ['DNA', 'Denovo']}}, {'deeptools': {'module_tag': ['DNA', 'RNA', 'chip']}}, {'sargasso': {'module_tag': ['RNA']}}, {'verifybamid': {'module_tag': ['DNA']}}, {'mirtrace': {'module_tag': ['smRNA', 'miRNA']}}, {'happy': {'module_tag': ['DNA']}}, {'homer': {'module_tag': ['RNA', 'DNA', 'chip']}}, {'macs2': {'module_tag': ['chip']}}, {'theta2': {'module_tag': ['DNA', 'cancer']}}, {'snpeff': {'module_tag': ['DNA']}}, {'gatk': {'module_tag': ['DNA']}}, {'htseq': {'module_tag': ['DNA', 'RNA']}}, {'bcftools': {'module_tag': ['DNA']}}, {'featureCounts': {'module_tag': ['DNA', 'RNA']}}, {'dedup': {'module_tag': ['DNA', 'ancient']}}, {'damageprofiler': {'module_tag': ['DNA', 'ancient']}}, {'picard': {'module_tag': ['DNA', 'RNA']}}, {'prokka': {'module_tag': ['prokarytotic', 'denovo']}}, {'samblaster': {'module_tag': ['DNA', 'RNA']}}, {'samtools': {'module_tag': ['DNA', 'RNA']}}, {'bamtools': {'module_tag': ['DNA', 'RNA']}}, {'jellyfish': {'module_tag': ['DNA']}}, {'vcftools': {'module_tag': ['DNA']}}, {'longranger': {'module_tag': ['DNA', 'WGS']}}, {'stacks': {'module_tag': ['DNA']}}, {'bbmap': {'module_tag': ['DNA', 'RNA']}}, {'bismark': {'module_tag': ['DNA', 'methylation']}}, {'biscuit': {'module_tag': ['DNA', 'methylation']}}, {'hicexplorer': {'module_tag': ['hi-c']}}, {'hicup': {'module_tag': ['hi-c']}}, {'hicpro': {'module_tag': ['hi-c']}}, {'salmon': {'module_tag': ['RNA']}}, {'kallisto': {'module_tag': ['RNA']}}, {'slamdunk': {'module_tag': ['slam']}}, {'star': {'module_tag': ['RNA']}}, {'hisat2': {'module_tag': ['RNA']}}, {'tophat': {'module_tag': ['RNA']}}, {'bowtie2': {'module_tag': ['RNA']}}, {'bowtie1': {'module_tag': ['RNA']}}, {'kat': {'module_tag': ['DNA']}}, {'leehom': {'module_tag': ['RNA', 'DNA']}}, {'adapterRemoval': {'module_tag': ['RNA', 'DNA']}}, {'clipandmerge': {'module_tag': ['DNA', 'ancient']}}, {'cutadapt': {'module_tag': ['RNA', 'DNA']}}, {'flexbar': {'module_tag': ['RNA', 'DNA']}}, {'trimmomatic': {'module_tag': ['RNA', 'DNA']}}, {'skewer': {'module_tag': ['RNA', 'DNA']}}, {'sortmerna': {'module_tag': ['RNA', 'DNA']}}, {'biobloomtools': {'module_tag': ['RNA', 'DNA']}}, {'fastq_screen': {'module_tag': ['RNA', 'DNA']}}, {'afterqc': {'module_tag': ['RNA', 'DNA']}}, {'fastp': {'module_tag': ['RNA', 'DNA']}}, {'fastqc': {'module_tag': ['RNA', 'DNA']}}, {'minionqc': {'module_tag': ['DNA', 'RNA']}}, {'clusterflow': {'module_tag': ['RNA', 'DNA', 'methylation']}}, {'bcl2fastq': {'module_tag': ['RNA', 'DNA', 'methylation']}}, {'interop': {'module_tag': ['RNA', 'DNA', 'methylation']}}, {'flash': {'module_tag': ['DNA', 'RNA']}}]
[2026-04-21 21:21:43,252] multiqc                                            [DEBUG  ]  New config 'log_filesize_limit': 10000000
[2026-04-21 21:21:43,252] multiqc                                            [DEBUG  ]  New config 'module_tag': []
[2026-04-21 21:21:43,252] multiqc                                            [DEBUG  ]  New config 'data_format': tsv
[2026-04-21 21:21:43,252] multiqc                                            [DEBUG  ]  New config 'base_count_desc': millions
[2026-04-21 21:21:43,252] multiqc                                            [DEBUG  ]  New config 'data_dump_file': True
[2026-04-21 21:21:43,252] multiqc                                            [DEBUG  ]  New config 'custom_content': {'order': []}
[2026-04-21 21:21:43,252] multiqc                                            [DEBUG  ]  Command used: /home/daniel.castanedamogo/anaconda3/envs/multiqc/bin/multiqc -c utils/multiqc_config.yaml -f /bulk/IMCshared_bulk/daniel/parkinsons/novaseq/metqc_output_daniel_snakemake/bmtagger/fastqc/ -o /bulk/IMCshared_bulk/daniel/parkinsons/novaseq/metqc_output_daniel_snakemake/multiqc/ -n multiqc_report_bmtagger_filtered.html
[2026-04-21 21:21:43,252] multiqc                                            [DEBUG  ]  Could not connect to multiqc.info for version check
[2026-04-21 21:21:43,252] multiqc                                            [INFO   ]  This is MultiQC v1.0.dev0
[2026-04-21 21:21:43,252] multiqc                                            [DEBUG  ]  Command     : /home/daniel.castanedamogo/anaconda3/envs/multiqc/bin/multiqc -c utils/multiqc_config.yaml -f /bulk/IMCshared_bulk/daniel/parkinsons/novaseq/metqc_output_daniel_snakemake/bmtagger/fastqc/ -o /bulk/IMCshared_bulk/daniel/parkinsons/novaseq/metqc_output_daniel_snakemake/multiqc/ -n multiqc_report_bmtagger_filtered.html
[2026-04-21 21:21:43,252] multiqc                                            [DEBUG  ]  Working dir : /bulk/IMCshared_bulk/daniel/parkinsons/novaseq/metqc_output_daniel_snakemake/snakemake_files
[2026-04-21 21:21:43,252] multiqc                                            [INFO   ]  Template    : default
[2026-04-21 21:21:43,252] multiqc                                            [DEBUG  ]  Running in --force mode, will overwrite any existing reports.
[2026-04-21 21:21:43,252] multiqc                                            [INFO   ]  Searching '/bulk/IMCshared_bulk/daniel/parkinsons/novaseq/metqc_output_daniel_snakemake/bmtagger/fastqc/'
[2026-04-21 21:21:43,252] multiqc                                            [DEBUG  ]  Analysing modules: peddy, bismark, fastqc, cutadapt, goleft_indexcov, kallisto, busco, samtools, picard, rseqc, quast, gatk, hicup, qualimap, featureCounts, star, salmon, fastq_screen, methylQA, htseq, preseq, snpeff, bamtools, bowtie1, trimmomatic, bowtie2, prokka, slamdunk, clusterflow, bcftools, skewer, tophat, samblaster, custom_content
[2026-04-21 21:21:43,254] multiqc                                            [DEBUG  ]  Using temporary directory for creating report: /home/daniel.castanedamogo/tmp/tmp9Ap5NE
[2026-04-21 21:21:43,336] multiqc                                            [DEBUG  ]  Ignoring file as matched an ignore pattern: PD_26P_bmtagged_1_fastqc.html
[2026-04-21 21:21:43,336] multiqc                                            [DEBUG  ]  Ignoring file as matched an ignore pattern: PD_26P_bmtagged_2_fastqc.html
[2026-04-21 21:21:43,336] multiqc                                            [DEBUG  ]  Ignoring file as matched an ignore pattern: PD_192S_bmtagged_1_fastqc.html
[2026-04-21 21:21:43,336] multiqc                                            [DEBUG  ]  Ignoring file as matched an ignore pattern: PD_192S_bmtagged_2_fastqc.html
[2026-04-21 21:21:43,336] multiqc                                            [DEBUG  ]  Ignoring file as matched an ignore pattern: PD_199P_bmtagged_1_fastqc.html
[2026-04-21 21:21:43,336] multiqc                                            [DEBUG  ]  Ignoring file as matched an ignore pattern: PD_199P_bmtagged_2_fastqc.html
[2026-04-21 21:21:43,336] multiqc                                            [DEBUG  ]  Ignoring file as matched an ignore pattern: PD_83P_bmtagged_1_fastqc.html
[2026-04-21 21:21:43,337] multiqc                                            [DEBUG  ]  Ignoring file as matched an ignore pattern: PD_83P_bmtagged_2_fastqc.html
[2026-04-21 21:21:43,337] multiqc                                            [DEBUG  ]  Ignoring file as matched an ignore pattern: PD_211P_bmtagged_1_fastqc.html
[2026-04-21 21:21:43,337] multiqc                                            [DEBUG  ]  Ignoring file as matched an ignore pattern: PD_211P_bmtagged_2_fastqc.html
[2026-04-21 21:21:43,337] multiqc                                            [DEBUG  ]  Ignoring file as matched an ignore pattern: PD_218S_bmtagged_1_fastqc.html
[2026-04-21 21:21:43,337] multiqc                                            [DEBUG  ]  Ignoring file as matched an ignore pattern: PD_218S_bmtagged_2_fastqc.html
[2026-04-21 21:21:43,337] multiqc                                            [DEBUG  ]  Ignoring file as matched an ignore pattern: PD_28P_bmtagged_1_fastqc.html
[2026-04-21 21:21:43,337] multiqc                                            [DEBUG  ]  Ignoring file as matched an ignore pattern: PD_28P_bmtagged_2_fastqc.html
[2026-04-21 21:21:43,337] multiqc                                            [DEBUG  ]  Ignoring file as matched an ignore pattern: PD_36P_bmtagged_1_fastqc.html
[2026-04-21 21:21:43,337] multiqc                                            [DEBUG  ]  Ignoring file as matched an ignore pattern: PD_36P_bmtagged_2_fastqc.html
[2026-04-21 21:21:43,337] multiqc                                            [DEBUG  ]  Ignoring file as matched an ignore pattern: PD_191P_bmtagged_1_fastqc.html
[2026-04-21 21:21:43,338] multiqc                                            [DEBUG  ]  Ignoring file as matched an ignore pattern: PD_191P_bmtagged_2_fastqc.html
[2026-04-21 21:21:43,338] multiqc                                            [DEBUG  ]  Ignoring file as matched an ignore pattern: PD_2P_bmtagged_1_fastqc.html
[2026-04-21 21:21:43,338] multiqc                                            [DEBUG  ]  Ignoring file as matched an ignore pattern: PD_2P_bmtagged_2_fastqc.html
[2026-04-21 21:21:43,338] multiqc                                            [DEBUG  ]  Ignoring file as matched an ignore pattern: PD_152P_bmtagged_1_fastqc.html
[2026-04-21 21:21:43,338] multiqc                                            [DEBUG  ]  Ignoring file as matched an ignore pattern: PD_55P_bmtagged_1_fastqc.html
[2026-04-21 21:21:43,338] multiqc                                            [DEBUG  ]  Ignoring file as matched an ignore pattern: PD_198_bmtagged_1_fastqc.html
[2026-04-21 21:21:43,338] multiqc                                            [DEBUG  ]  Ignoring file as matched an ignore pattern: PD_55P_bmtagged_2_fastqc.html
[2026-04-21 21:21:43,338] multiqc                                            [DEBUG  ]  Ignoring file as matched an ignore pattern: PD_198_bmtagged_2_fastqc.html
[2026-04-21 21:21:43,338] multiqc                                            [DEBUG  ]  Ignoring file as matched an ignore pattern: PD_122S_bmtagged_1_fastqc.html
[2026-04-21 21:21:43,339] multiqc                                            [DEBUG  ]  Ignoring file as matched an ignore pattern: PD_122S_bmtagged_2_fastqc.html
[2026-04-21 21:21:43,339] multiqc                                            [DEBUG  ]  Ignoring file as matched an ignore pattern: PD_169P_bmtagged_1_fastqc.html
[2026-04-21 21:21:43,339] multiqc                                            [DEBUG  ]  Ignoring file as matched an ignore pattern: PD_169P_bmtagged_2_fastqc.html
[2026-04-21 21:21:43,339] multiqc                                            [DEBUG  ]  Ignoring file as matched an ignore pattern: PD_Lib_neg_plate2_bmtagged_1_fastqc.html
[2026-04-21 21:21:43,339] multiqc                                            [DEBUG  ]  Ignoring file as matched an ignore pattern: PD_Lib_neg_plate2_bmtagged_2_fastqc.html
[2026-04-21 21:21:43,339] multiqc                                            [DEBUG  ]  Ignoring file as matched an ignore pattern: PD_152P_bmtagged_2_fastqc.html
[2026-04-21 21:21:43,339] multiqc                                            [DEBUG  ]  Ignoring file as matched an ignore pattern: PD_5P_bmtagged_1_fastqc.html
[2026-04-21 21:21:43,339] multiqc                                            [DEBUG  ]  Ignoring file as matched an ignore pattern: PD_5P_bmtagged_2_fastqc.html
[2026-04-21 21:21:43,339] multiqc                                            [DEBUG  ]  Ignoring file as matched an ignore pattern: PD_118_bmtagged_1_fastqc.html
[2026-04-21 21:21:43,339] multiqc                                            [DEBUG  ]  Ignoring file as matched an ignore pattern: PD_118_bmtagged_2_fastqc.html
[2026-04-21 21:21:43,339] multiqc                                            [DEBUG  ]  Ignoring file as matched an ignore pattern: PD_84P_bmtagged_1_fastqc.html
[2026-04-21 21:21:43,340] multiqc                                            [DEBUG  ]  Ignoring file as matched an ignore pattern: PD_84P_bmtagged_2_fastqc.html
[2026-04-21 21:21:43,340] multiqc                                            [DEBUG  ]  Ignoring file as matched an ignore pattern: PD_30P_bmtagged_1_fastqc.html
[2026-04-21 21:21:43,340] multiqc                                            [DEBUG  ]  Ignoring file as matched an ignore pattern: PD_30P_bmtagged_2_fastqc.html
[2026-04-21 21:21:43,340] multiqc                                            [DEBUG  ]  Ignoring file as matched an ignore pattern: PD_66P_bmtagged_1_fastqc.html
[2026-04-21 21:21:43,340] multiqc                                            [DEBUG  ]  Ignoring file as matched an ignore pattern: PD_200S_bmtagged_1_fastqc.html
[2026-04-21 21:21:43,340] multiqc                                            [DEBUG  ]  Ignoring file as matched an ignore pattern: PD_66P_bmtagged_2_fastqc.html
[2026-04-21 21:21:43,340] multiqc                                            [DEBUG  ]  Ignoring file as matched an ignore pattern: PD_200S_bmtagged_2_fastqc.html
[2026-04-21 21:21:43,340] multiqc                                            [DEBUG  ]  Ignoring file as matched an ignore pattern: PD_128S_bmtagged_1_fastqc.html
[2026-04-21 21:21:43,340] multiqc                                            [DEBUG  ]  Ignoring file as matched an ignore pattern: PD_29P_bmtagged_1_fastqc.html
[2026-04-21 21:21:43,340] multiqc                                            [DEBUG  ]  Ignoring file as matched an ignore pattern: PD_128S_bmtagged_2_fastqc.html
[2026-04-21 21:21:43,341] multiqc                                            [DEBUG  ]  Ignoring file as matched an ignore pattern: PD_65P_bmtagged_1_fastqc.html
[2026-04-21 21:21:43,341] multiqc                                            [DEBUG  ]  Ignoring file as matched an ignore pattern: PD_29P_bmtagged_2_fastqc.html
[2026-04-21 21:21:43,341] multiqc                                            [DEBUG  ]  Ignoring file as matched an ignore pattern: PD_65P_bmtagged_2_fastqc.html
[2026-04-21 21:21:43,341] multiqc                                            [DEBUG  ]  Ignoring file as matched an ignore pattern: PD_121S_bmtagged_1_fastqc.html
[2026-04-21 21:21:43,341] multiqc                                            [DEBUG  ]  Ignoring file as matched an ignore pattern: PD_38P_bmtagged_1_fastqc.html
[2026-04-21 21:21:43,341] multiqc                                            [DEBUG  ]  Ignoring file as matched an ignore pattern: PD_Lib_pos_plate1_bmtagged_1_fastqc.html
[2026-04-21 21:21:43,341] multiqc                                            [DEBUG  ]  Ignoring file as matched an ignore pattern: PD_47P_bmtagged_1_fastqc.html
[2026-04-21 21:21:43,341] multiqc                                            [DEBUG  ]  Ignoring file as matched an ignore pattern: PD_38P_bmtagged_2_fastqc.html
[2026-04-21 21:21:43,341] multiqc                                            [DEBUG  ]  Ignoring file as matched an ignore pattern: PD_121S_bmtagged_2_fastqc.html
[2026-04-21 21:21:43,341] multiqc                                            [DEBUG  ]  Ignoring file as matched an ignore pattern: PD_47P_bmtagged_2_fastqc.html
[2026-04-21 21:21:43,342] multiqc                                            [DEBUG  ]  Ignoring file as matched an ignore pattern: PD_Lib_pos_plate1_bmtagged_2_fastqc.html
[2026-04-21 21:21:43,342] multiqc                                            [DEBUG  ]  Ignoring file as matched an ignore pattern: PD_212S_bmtagged_1_fastqc.html
[2026-04-21 21:21:43,342] multiqc                                            [DEBUG  ]  Ignoring file as matched an ignore pattern: PD_212S_bmtagged_2_fastqc.html
[2026-04-21 21:21:43,342] multiqc                                            [DEBUG  ]  Ignoring file as matched an ignore pattern: PD_59P_bmtagged_1_fastqc.html
[2026-04-21 21:21:43,342] multiqc                                            [DEBUG  ]  Ignoring file as matched an ignore pattern: PD_59P_bmtagged_2_fastqc.html
[2026-04-21 21:21:43,342] multiqc                                            [DEBUG  ]  Ignoring file as matched an ignore pattern: PD_217P_bmtagged_1_fastqc.html
[2026-04-21 21:21:43,342] multiqc                                            [DEBUG  ]  Ignoring file as matched an ignore pattern: PD_217P_bmtagged_2_fastqc.html
[2026-04-21 21:21:43,342] multiqc                                            [DEBUG  ]  Ignoring file as matched an ignore pattern: PD_10P_bmtagged_1_fastqc.html
[2026-04-21 21:21:43,342] multiqc                                            [DEBUG  ]  Ignoring file as matched an ignore pattern: PD_10P_bmtagged_2_fastqc.html
[2026-04-21 21:21:43,342] multiqc                                            [DEBUG  ]  Ignoring file as matched an ignore pattern: PD_109S_bmtagged_1_fastqc.html
[2026-04-21 21:21:43,343] multiqc                                            [DEBUG  ]  Ignoring file as matched an ignore pattern: PD_109S_bmtagged_2_fastqc.html
[2026-04-21 21:21:43,343] multiqc                                            [DEBUG  ]  Ignoring file as matched an ignore pattern: PD_41P_bmtagged_1_fastqc.html
[2026-04-21 21:21:43,343] multiqc                                            [DEBUG  ]  Ignoring file as matched an ignore pattern: PD_60P_bmtagged_1_fastqc.html
[2026-04-21 21:21:43,343] multiqc                                            [DEBUG  ]  Ignoring file as matched an ignore pattern: PD_41P_bmtagged_2_fastqc.html
[2026-04-21 21:21:43,343] multiqc                                            [DEBUG  ]  Ignoring file as matched an ignore pattern: PD_60P_bmtagged_2_fastqc.html
[2026-04-21 21:21:43,343] multiqc                                            [DEBUG  ]  Ignoring file as matched an ignore pattern: PD_112S_bmtagged_1_fastqc.html
[2026-04-21 21:21:43,343] multiqc                                            [DEBUG  ]  Ignoring file as matched an ignore pattern: PD_112S_bmtagged_2_fastqc.html
[2026-04-21 21:21:43,343] multiqc                                            [DEBUG  ]  Ignoring file as matched an ignore pattern: PD_Extr_neg_plate2_bmtagged_1_fastqc.html
[2026-04-21 21:21:43,343] multiqc                                            [DEBUG  ]  Ignoring file as matched an ignore pattern: PD_Extr_neg_plate2_bmtagged_2_fastqc.html
[2026-04-21 21:21:43,343] multiqc                                            [DEBUG  ]  Ignoring file as matched an ignore pattern: PD_32P_bmtagged_1_fastqc.html
[2026-04-21 21:21:43,344] multiqc                                            [DEBUG  ]  Ignoring file as matched an ignore pattern: PD_131P_bmtagged_1_fastqc.html
[2026-04-21 21:21:43,344] multiqc                                            [DEBUG  ]  Ignoring file as matched an ignore pattern: PD_32P_bmtagged_2_fastqc.html
[2026-04-21 21:21:43,344] multiqc                                            [DEBUG  ]  Ignoring file as matched an ignore pattern: PD_110S_bmtagged_1_fastqc.html
[2026-04-21 21:21:43,344] multiqc                                            [DEBUG  ]  Ignoring file as matched an ignore pattern: PD_131P_bmtagged_2_fastqc.html
[2026-04-21 21:21:43,344] multiqc                                            [DEBUG  ]  Ignoring file as matched an ignore pattern: PD_31P_bmtagged_1_fastqc.html
[2026-04-21 21:21:43,344] multiqc                                            [DEBUG  ]  Ignoring file as matched an ignore pattern: PD_110S_bmtagged_2_fastqc.html
[2026-04-21 21:21:43,344] multiqc                                            [DEBUG  ]  Ignoring file as matched an ignore pattern: PD_31P_bmtagged_2_fastqc.html
[2026-04-21 21:21:43,344] multiqc                                            [DEBUG  ]  Ignoring file as matched an ignore pattern: PD_158P_bmtagged_1_fastqc.html
[2026-04-21 21:21:43,344] multiqc                                            [DEBUG  ]  Ignoring file as matched an ignore pattern: PD_158P_bmtagged_2_fastqc.html
[2026-04-21 21:21:43,344] multiqc                                            [DEBUG  ]  Ignoring file as matched an ignore pattern: PD_33P_bmtagged_1_fastqc.html
[2026-04-21 21:21:43,345] multiqc                                            [DEBUG  ]  Ignoring file as matched an ignore pattern: PD_33P_bmtagged_2_fastqc.html
[2026-04-21 21:21:43,345] multiqc                                            [DEBUG  ]  Ignoring file as matched an ignore pattern: PD_Extr_neg_plate3_bmtagged_1_fastqc.html
[2026-04-21 21:21:43,345] multiqc                                            [DEBUG  ]  Ignoring file as matched an ignore pattern: PD_Extr_neg_plate3_bmtagged_2_fastqc.html
[2026-04-21 21:21:43,345] multiqc                                            [DEBUG  ]  Ignoring file as matched an ignore pattern: PD_15P_bmtagged_1_fastqc.html
[2026-04-21 21:21:43,345] multiqc                                            [DEBUG  ]  Ignoring file as matched an ignore pattern: PD_15P_bmtagged_2_fastqc.html
[2026-04-21 21:21:43,345] multiqc                                            [DEBUG  ]  Ignoring file as matched an ignore pattern: PD_111P_bmtagged_1_fastqc.html
[2026-04-21 21:21:43,345] multiqc                                            [DEBUG  ]  Ignoring file as matched an ignore pattern: PD_111P_bmtagged_2_fastqc.html
[2026-04-21 21:21:43,345] multiqc                                            [DEBUG  ]  Ignoring file as matched an ignore pattern: PD_196_bmtagged_1_fastqc.html
[2026-04-21 21:21:43,345] multiqc                                            [DEBUG  ]  Ignoring file as matched an ignore pattern: PD_159S_bmtagged_1_fastqc.html
[2026-04-21 21:21:43,345] multiqc                                            [DEBUG  ]  Ignoring file as matched an ignore pattern: PD_147_bmtagged_1_fastqc.html
[2026-04-21 21:21:43,345] multiqc                                            [DEBUG  ]  Ignoring file as matched an ignore pattern: PD_221P_bmtagged_1_fastqc.html
[2026-04-21 21:21:43,346] multiqc                                            [DEBUG  ]  Ignoring file as matched an ignore pattern: PD_159S_bmtagged_2_fastqc.html
[2026-04-21 21:21:43,346] multiqc                                            [DEBUG  ]  Ignoring file as matched an ignore pattern: PD_147_bmtagged_2_fastqc.html
[2026-04-21 21:21:43,346] multiqc                                            [DEBUG  ]  Ignoring file as matched an ignore pattern: PD_196_bmtagged_2_fastqc.html
[2026-04-21 21:21:43,346] multiqc                                            [DEBUG  ]  Ignoring file as matched an ignore pattern: PD_141P_bmtagged_1_fastqc.html
[2026-04-21 21:21:43,346] multiqc                                            [DEBUG  ]  Ignoring file as matched an ignore pattern: PD_221P_bmtagged_2_fastqc.html
[2026-04-21 21:21:43,346] multiqc                                            [DEBUG  ]  Ignoring file as matched an ignore pattern: PD_52P_bmtagged_1_fastqc.html
[2026-04-21 21:21:43,346] multiqc                                            [DEBUG  ]  Ignoring file as matched an ignore pattern: PD_100P_bmtagged_1_fastqc.html
[2026-04-21 21:21:43,346] multiqc                                            [DEBUG  ]  Ignoring file as matched an ignore pattern: PD_52P_bmtagged_2_fastqc.html
[2026-04-21 21:21:43,346] multiqc                                            [DEBUG  ]  Ignoring file as matched an ignore pattern: PD_141P_bmtagged_2_fastqc.html
[2026-04-21 21:21:43,346] multiqc                                            [DEBUG  ]  Ignoring file as matched an ignore pattern: PD_100P_bmtagged_2_fastqc.html
[2026-04-21 21:21:43,347] multiqc                                            [DEBUG  ]  Ignoring file as matched an ignore pattern: PD_171P_bmtagged_1_fastqc.html
[2026-04-21 21:21:43,347] multiqc                                            [DEBUG  ]  Ignoring file as matched an ignore pattern: PD_180S_bmtagged_1_fastqc.html
[2026-04-21 21:21:43,347] multiqc                                            [DEBUG  ]  Ignoring file as matched an ignore pattern: PD_170S_bmtagged_1_fastqc.html
[2026-04-21 21:21:43,347] multiqc                                            [DEBUG  ]  Ignoring file as matched an ignore pattern: PD_27P_bmtagged_1_fastqc.html
[2026-04-21 21:21:43,347] multiqc                                            [DEBUG  ]  Ignoring file as matched an ignore pattern: PD_176S_bmtagged_1_fastqc.html
[2026-04-21 21:21:43,347] multiqc                                            [DEBUG  ]  Ignoring file as matched an ignore pattern: PD_134S_bmtagged_1_fastqc.html
[2026-04-21 21:21:43,347] multiqc                                            [DEBUG  ]  Ignoring file as matched an ignore pattern: PD_171P_bmtagged_2_fastqc.html
[2026-04-21 21:21:43,347] multiqc                                            [DEBUG  ]  Ignoring file as matched an ignore pattern: PD_140S_bmtagged_1_fastqc.html
[2026-04-21 21:21:43,347] multiqc                                            [DEBUG  ]  Ignoring file as matched an ignore pattern: PD_180S_bmtagged_2_fastqc.html
[2026-04-21 21:21:43,347] multiqc                                            [DEBUG  ]  Ignoring file as matched an ignore pattern: PD_170S_bmtagged_2_fastqc.html
[2026-04-21 21:21:43,348] multiqc                                            [DEBUG  ]  Ignoring file as matched an ignore pattern: PD_27P_bmtagged_2_fastqc.html
[2026-04-21 21:21:43,348] multiqc                                            [DEBUG  ]  Ignoring file as matched an ignore pattern: PD_114P_bmtagged_1_fastqc.html
[2026-04-21 21:21:43,348] multiqc                                            [DEBUG  ]  Ignoring file as matched an ignore pattern: PD_176S_bmtagged_2_fastqc.html
[2026-04-21 21:21:43,348] multiqc                                            [DEBUG  ]  Ignoring file as matched an ignore pattern: PD_134S_bmtagged_2_fastqc.html
[2026-04-21 21:21:43,348] multiqc                                            [DEBUG  ]  Ignoring file as matched an ignore pattern: PD_140S_bmtagged_2_fastqc.html
[2026-04-21 21:21:43,348] multiqc                                            [DEBUG  ]  Ignoring file as matched an ignore pattern: PD_75P_bmtagged_1_fastqc.html
[2026-04-21 21:21:43,348] multiqc                                            [DEBUG  ]  Ignoring file as matched an ignore pattern: PD_114P_bmtagged_2_fastqc.html
[2026-04-21 21:21:43,348] multiqc                                            [DEBUG  ]  Ignoring file as matched an ignore pattern: PD_7P_bmtagged_1_fastqc.html
[2026-04-21 21:21:43,348] multiqc                                            [DEBUG  ]  Ignoring file as matched an ignore pattern: PD_190S_bmtagged_1_fastqc.html
[2026-04-21 21:21:43,348] multiqc                                            [DEBUG  ]  Ignoring file as matched an ignore pattern: PD_75P_bmtagged_2_fastqc.html
[2026-04-21 21:21:43,349] multiqc                                            [DEBUG  ]  Ignoring file as matched an ignore pattern: PD_7P_bmtagged_2_fastqc.html
[2026-04-21 21:21:43,349] multiqc                                            [DEBUG  ]  Ignoring file as matched an ignore pattern: PD_190S_bmtagged_2_fastqc.html
[2026-04-21 21:21:43,349] multiqc                                            [DEBUG  ]  Ignoring file as matched an ignore pattern: PD_167P_bmtagged_1_fastqc.html
[2026-04-21 21:21:43,349] multiqc                                            [DEBUG  ]  Ignoring file as matched an ignore pattern: PD_74P_bmtagged_1_fastqc.html
[2026-04-21 21:21:43,349] multiqc                                            [DEBUG  ]  Ignoring file as matched an ignore pattern: PD_167P_bmtagged_2_fastqc.html
[2026-04-21 21:21:43,349] multiqc                                            [DEBUG  ]  Ignoring file as matched an ignore pattern: PD_42P_bmtagged_1_fastqc.html
[2026-04-21 21:21:43,349] multiqc                                            [DEBUG  ]  Ignoring file as matched an ignore pattern: PD_74P_bmtagged_2_fastqc.html
[2026-04-21 21:21:43,349] multiqc                                            [DEBUG  ]  Ignoring file as matched an ignore pattern: PD_231P_bmtagged_1_fastqc.html
[2026-04-21 21:21:43,349] multiqc                                            [DEBUG  ]  Ignoring file as matched an ignore pattern: PD_42P_bmtagged_2_fastqc.html
[2026-04-21 21:21:43,350] multiqc                                            [DEBUG  ]  Ignoring file as matched an ignore pattern: PD_231P_bmtagged_2_fastqc.html
[2026-04-21 21:21:43,350] multiqc                                            [DEBUG  ]  Ignoring file as matched an ignore pattern: PD_164P_bmtagged_1_fastqc.html
[2026-04-21 21:21:43,350] multiqc                                            [DEBUG  ]  Ignoring file as matched an ignore pattern: PD_164P_bmtagged_2_fastqc.html
[2026-04-21 21:21:43,350] multiqc                                            [DEBUG  ]  Ignoring file as matched an ignore pattern: PD_46P_bmtagged_1_fastqc.html
[2026-04-21 21:21:43,350] multiqc                                            [DEBUG  ]  Ignoring file as matched an ignore pattern: PD_53P_bmtagged_1_fastqc.html
[2026-04-21 21:21:43,350] multiqc                                            [DEBUG  ]  Ignoring file as matched an ignore pattern: PD_56P_bmtagged_1_fastqc.html
[2026-04-21 21:21:43,350] multiqc                                            [DEBUG  ]  Ignoring file as matched an ignore pattern: PD_78P_bmtagged_1_fastqc.html
[2026-04-21 21:21:43,350] multiqc                                            [DEBUG  ]  Ignoring file as matched an ignore pattern: PD_174S_bmtagged_1_fastqc.html
[2026-04-21 21:21:43,350] multiqc                                            [DEBUG  ]  Ignoring file as matched an ignore pattern: PD_46P_bmtagged_2_fastqc.html
[2026-04-21 21:21:43,350] multiqc                                            [DEBUG  ]  Ignoring file as matched an ignore pattern: PD_153S_bmtagged_1_fastqc.html
[2026-04-21 21:21:43,351] multiqc                                            [DEBUG  ]  Ignoring file as matched an ignore pattern: PD_53P_bmtagged_2_fastqc.html
[2026-04-21 21:21:43,351] multiqc                                            [DEBUG  ]  Ignoring file as matched an ignore pattern: PD_160P_bmtagged_1_fastqc.html
[2026-04-21 21:21:43,351] multiqc                                            [DEBUG  ]  Ignoring file as matched an ignore pattern: PD_78P_bmtagged_2_fastqc.html
[2026-04-21 21:21:43,351] multiqc                                            [DEBUG  ]  Ignoring file as matched an ignore pattern: PD_150P_bmtagged_1_fastqc.html
[2026-04-21 21:21:43,351] multiqc                                            [DEBUG  ]  Ignoring file as matched an ignore pattern: PD_174S_bmtagged_2_fastqc.html
[2026-04-21 21:21:43,351] multiqc                                            [DEBUG  ]  Ignoring file as matched an ignore pattern: PD_213S_bmtagged_1_fastqc.html
[2026-04-21 21:21:43,351] multiqc                                            [DEBUG  ]  Ignoring file as matched an ignore pattern: PD_222S_bmtagged_1_fastqc.html
[2026-04-21 21:21:43,351] multiqc                                            [DEBUG  ]  Ignoring file as matched an ignore pattern: PD_153S_bmtagged_2_fastqc.html
[2026-04-21 21:21:43,351] multiqc                                            [DEBUG  ]  Ignoring file as matched an ignore pattern: PD_203_bmtagged_1_fastqc.html
[2026-04-21 21:21:43,351] multiqc                                            [DEBUG  ]  Ignoring file as matched an ignore pattern: PD_56P_bmtagged_2_fastqc.html
[2026-04-21 21:21:43,351] multiqc                                            [DEBUG  ]  Ignoring file as matched an ignore pattern: PD_150P_bmtagged_2_fastqc.html
[2026-04-21 21:21:43,352] multiqc                                            [DEBUG  ]  Ignoring file as matched an ignore pattern: PD_160P_bmtagged_2_fastqc.html
[2026-04-21 21:21:43,352] multiqc                                            [DEBUG  ]  Ignoring file as matched an ignore pattern: PD_203_bmtagged_2_fastqc.html
[2026-04-21 21:21:43,352] multiqc                                            [DEBUG  ]  Ignoring file as matched an ignore pattern: PD_222S_bmtagged_2_fastqc.html
[2026-04-21 21:21:43,352] multiqc                                            [DEBUG  ]  Ignoring file as matched an ignore pattern: PD_Lib_pos_plate2_bmtagged_1_fastqc.html
[2026-04-21 21:21:43,352] multiqc                                            [DEBUG  ]  Ignoring file as matched an ignore pattern: PD_117_bmtagged_1_fastqc.html
[2026-04-21 21:21:43,352] multiqc                                            [DEBUG  ]  Ignoring file as matched an ignore pattern: PD_213S_bmtagged_2_fastqc.html
[2026-04-21 21:21:43,352] multiqc                                            [DEBUG  ]  Ignoring file as matched an ignore pattern: PD_216S_bmtagged_1_fastqc.html
[2026-04-21 21:21:43,352] multiqc                                            [DEBUG  ]  Ignoring file as matched an ignore pattern: PD_Lib_pos_plate2_bmtagged_2_fastqc.html
[2026-04-21 21:21:43,352] multiqc                                            [DEBUG  ]  Ignoring file as matched an ignore pattern: PD_117_bmtagged_2_fastqc.html
[2026-04-21 21:21:43,352] multiqc                                            [DEBUG  ]  Ignoring file as matched an ignore pattern: PD_79S_bmtagged_1_fastqc.html
[2026-04-21 21:21:43,353] multiqc                                            [DEBUG  ]  Ignoring file as matched an ignore pattern: PD_177P_bmtagged_1_fastqc.html
[2026-04-21 21:21:43,353] multiqc                                            [DEBUG  ]  Ignoring file as matched an ignore pattern: PD_214S_bmtagged_1_fastqc.html
[2026-04-21 21:21:43,353] multiqc                                            [DEBUG  ]  Ignoring file as matched an ignore pattern: PD_179P_bmtagged_1_fastqc.html
[2026-04-21 21:21:43,353] multiqc                                            [DEBUG  ]  Ignoring file as matched an ignore pattern: PD_206S_bmtagged_1_fastqc.html
[2026-04-21 21:21:43,353] multiqc                                            [DEBUG  ]  Ignoring file as matched an ignore pattern: PD_79S_bmtagged_2_fastqc.html
[2026-04-21 21:21:43,353] multiqc                                            [DEBUG  ]  Ignoring file as matched an ignore pattern: PD_177P_bmtagged_2_fastqc.html
[2026-04-21 21:21:43,353] multiqc                                            [DEBUG  ]  Ignoring file as matched an ignore pattern: PD_188S_bmtagged_1_fastqc.html
[2026-04-21 21:21:43,353] multiqc                                            [DEBUG  ]  Ignoring file as matched an ignore pattern: PD_214S_bmtagged_2_fastqc.html
[2026-04-21 21:21:43,353] multiqc                                            [DEBUG  ]  Ignoring file as matched an ignore pattern: PD_179P_bmtagged_2_fastqc.html
[2026-04-21 21:21:43,353] multiqc                                            [DEBUG  ]  Ignoring file as matched an ignore pattern: PD_206S_bmtagged_2_fastqc.html
[2026-04-21 21:21:43,354] multiqc                                            [DEBUG  ]  Ignoring file as matched an ignore pattern: PD_188S_bmtagged_2_fastqc.html
[2026-04-21 21:21:43,354] multiqc                                            [DEBUG  ]  Ignoring file as matched an ignore pattern: PD_25P_bmtagged_1_fastqc.html
[2026-04-21 21:21:43,354] multiqc                                            [DEBUG  ]  Ignoring file as matched an ignore pattern: PD_207P_bmtagged_1_fastqc.html
[2026-04-21 21:21:43,354] multiqc                                            [DEBUG  ]  Ignoring file as matched an ignore pattern: PD_25P_bmtagged_2_fastqc.html
[2026-04-21 21:21:43,354] multiqc                                            [DEBUG  ]  Ignoring file as matched an ignore pattern: PD_207P_bmtagged_2_fastqc.html
[2026-04-21 21:21:43,354] multiqc                                            [DEBUG  ]  Ignoring file as matched an ignore pattern: PD_Extr_pos_plate3_bmtagged_1_fastqc.html
[2026-04-21 21:21:43,354] multiqc                                            [DEBUG  ]  Ignoring file as matched an ignore pattern: PD_Extr_pos_plate3_bmtagged_2_fastqc.html
[2026-04-21 21:21:43,354] multiqc                                            [DEBUG  ]  Ignoring file as matched an ignore pattern: PD_39P_bmtagged_1_fastqc.html
[2026-04-21 21:21:43,354] multiqc                                            [DEBUG  ]  Ignoring file as matched an ignore pattern: PD_39P_bmtagged_2_fastqc.html
[2026-04-21 21:21:43,355] multiqc                                            [DEBUG  ]  Ignoring file as matched an ignore pattern: PD_8P_bmtagged_1_fastqc.html
[2026-04-21 21:21:43,355] multiqc                                            [DEBUG  ]  Ignoring file as matched an ignore pattern: PD_182S_bmtagged_1_fastqc.html
[2026-04-21 21:21:43,355] multiqc                                            [DEBUG  ]  Ignoring file as matched an ignore pattern: PD_Extr_neg_plate1_bmtagged_1_fastqc.html
[2026-04-21 21:21:43,355] multiqc                                            [DEBUG  ]  Ignoring file as matched an ignore pattern: PD_182S_bmtagged_2_fastqc.html
[2026-04-21 21:21:43,355] multiqc                                            [DEBUG  ]  Ignoring file as matched an ignore pattern: PD_Extr_neg_plate1_bmtagged_2_fastqc.html
[2026-04-21 21:21:43,355] multiqc                                            [DEBUG  ]  Ignoring file as matched an ignore pattern: PD_223P_bmtagged_1_fastqc.html
[2026-04-21 21:21:43,355] multiqc                                            [DEBUG  ]  Ignoring file as matched an ignore pattern: PD_8P_bmtagged_2_fastqc.html
[2026-04-21 21:21:43,355] multiqc                                            [DEBUG  ]  Ignoring file as matched an ignore pattern: PD_223P_bmtagged_2_fastqc.html
[2026-04-21 21:21:43,355] multiqc                                            [DEBUG  ]  Ignoring file as matched an ignore pattern: PD_45P_bmtagged_1_fastqc.html
[2026-04-21 21:21:43,355] multiqc                                            [DEBUG  ]  Ignoring file as matched an ignore pattern: PD_45P_bmtagged_2_fastqc.html
[2026-04-21 21:21:43,355] multiqc                                            [DEBUG  ]  Ignoring file as matched an ignore pattern: PD_51P_bmtagged_1_fastqc.html
[2026-04-21 21:21:43,356] multiqc                                            [DEBUG  ]  Ignoring file as matched an ignore pattern: PD_3P_bmtagged_1_fastqc.html
[2026-04-21 21:21:43,356] multiqc                                            [DEBUG  ]  Ignoring file as matched an ignore pattern: PD_225P_bmtagged_1_fastqc.html
[2026-04-21 21:21:43,356] multiqc                                            [DEBUG  ]  Ignoring file as matched an ignore pattern: PD_51P_bmtagged_2_fastqc.html
[2026-04-21 21:21:43,356] multiqc                                            [DEBUG  ]  Ignoring file as matched an ignore pattern: PD_3P_bmtagged_2_fastqc.html
[2026-04-21 21:21:43,356] multiqc                                            [DEBUG  ]  Ignoring file as matched an ignore pattern: PD_225P_bmtagged_2_fastqc.html
[2026-04-21 21:21:43,356] multiqc                                            [DEBUG  ]  Ignoring file as matched an ignore pattern: PD_Extr_pos_plate1_bmtagged_1_fastqc.html
[2026-04-21 21:21:43,356] multiqc                                            [DEBUG  ]  Ignoring file as matched an ignore pattern: PD_Extr_pos_plate1_bmtagged_2_fastqc.html
[2026-04-21 21:21:43,356] multiqc                                            [DEBUG  ]  Ignoring file as matched an ignore pattern: PD_129P_bmtagged_1_fastqc.html
[2026-04-21 21:21:43,356] multiqc                                            [DEBUG  ]  Ignoring file as matched an ignore pattern: PD_81P_bmtagged_1_fastqc.html
[2026-04-21 21:21:43,356] multiqc                                            [DEBUG  ]  Ignoring file as matched an ignore pattern: PD_76P_bmtagged_1_fastqc.html
[2026-04-21 21:21:43,356] multiqc                                            [DEBUG  ]  Ignoring file as matched an ignore pattern: PD_105P_bmtagged_1_fastqc.html
[2026-04-21 21:21:43,357] multiqc                                            [DEBUG  ]  Ignoring file as matched an ignore pattern: PD_81P_bmtagged_2_fastqc.html
[2026-04-21 21:21:43,357] multiqc                                            [DEBUG  ]  Ignoring file as matched an ignore pattern: PD_129P_bmtagged_2_fastqc.html
[2026-04-21 21:21:43,357] multiqc                                            [DEBUG  ]  Ignoring file as matched an ignore pattern: PD_76P_bmtagged_2_fastqc.html
[2026-04-21 21:21:43,357] multiqc                                            [DEBUG  ]  Ignoring file as matched an ignore pattern: PD_105P_bmtagged_2_fastqc.html
[2026-04-21 21:21:43,357] multiqc                                            [DEBUG  ]  Ignoring file as matched an ignore pattern: PD_48P_bmtagged_1_fastqc.html
[2026-04-21 21:21:43,357] multiqc                                            [DEBUG  ]  Ignoring file as matched an ignore pattern: PD_43P_bmtagged_1_fastqc.html
[2026-04-21 21:21:43,357] multiqc                                            [DEBUG  ]  Ignoring file as matched an ignore pattern: PD_48P_bmtagged_2_fastqc.html
[2026-04-21 21:21:43,357] multiqc                                            [DEBUG  ]  Ignoring file as matched an ignore pattern: PD_43P_bmtagged_2_fastqc.html
[2026-04-21 21:21:43,357] multiqc                                            [DEBUG  ]  Ignoring file as matched an ignore pattern: PD_216S_bmtagged_2_fastqc.html
[2026-04-21 21:21:43,357] multiqc                                            [DEBUG  ]  Ignoring file as matched an ignore pattern: PD_166_bmtagged_1_fastqc.html
[2026-04-21 21:21:43,357] multiqc                                            [DEBUG  ]  Ignoring file as matched an ignore pattern: PD_115S_bmtagged_1_fastqc.html
[2026-04-21 21:21:43,358] multiqc                                            [DEBUG  ]  Ignoring file as matched an ignore pattern: PD_Extr_pos_plate2_bmtagged_1_fastqc.html
[2026-04-21 21:21:43,358] multiqc                                            [DEBUG  ]  Ignoring file as matched an ignore pattern: PD_149S_bmtagged_1_fastqc.html
[2026-04-21 21:21:43,358] multiqc                                            [DEBUG  ]  Ignoring file as matched an ignore pattern: PD_Extr_pos_plate2_bmtagged_2_fastqc.html
[2026-04-21 21:21:43,358] multiqc                                            [DEBUG  ]  Ignoring file as matched an ignore pattern: PD_166_bmtagged_2_fastqc.html
[2026-04-21 21:21:43,358] multiqc                                            [DEBUG  ]  Ignoring file as matched an ignore pattern: PD_115S_bmtagged_2_fastqc.html
[2026-04-21 21:21:43,358] multiqc                                            [DEBUG  ]  Ignoring file as matched an ignore pattern: PD_44P_bmtagged_1_fastqc.html
[2026-04-21 21:21:43,358] multiqc                                            [DEBUG  ]  Ignoring file as matched an ignore pattern: PD_149S_bmtagged_2_fastqc.html
[2026-04-21 21:21:43,358] multiqc                                            [DEBUG  ]  Ignoring file as matched an ignore pattern: PD_197_bmtagged_1_fastqc.html
[2026-04-21 21:21:43,358] multiqc                                            [DEBUG  ]  Ignoring file as matched an ignore pattern: PD_44P_bmtagged_2_fastqc.html
[2026-04-21 21:21:43,358] multiqc                                            [DEBUG  ]  Ignoring file as matched an ignore pattern: PD_162P_bmtagged_1_fastqc.html
[2026-04-21 21:21:43,359] multiqc                                            [DEBUG  ]  Ignoring file as matched an ignore pattern: PD_163S_bmtagged_1_fastqc.html
[2026-04-21 21:21:43,359] multiqc                                            [DEBUG  ]  Ignoring file as matched an ignore pattern: PD_197_bmtagged_2_fastqc.html
[2026-04-21 21:21:43,359] multiqc                                            [DEBUG  ]  Ignoring file as matched an ignore pattern: PD_162P_bmtagged_2_fastqc.html
[2026-04-21 21:21:43,359] multiqc                                            [DEBUG  ]  Ignoring file as matched an ignore pattern: PD_224S_bmtagged_1_fastqc.html
[2026-04-21 21:21:43,359] multiqc                                            [DEBUG  ]  Ignoring file as matched an ignore pattern: PD_184S_bmtagged_1_fastqc.html
[2026-04-21 21:21:43,359] multiqc                                            [DEBUG  ]  Ignoring file as matched an ignore pattern: PD_163S_bmtagged_2_fastqc.html
[2026-04-21 21:21:43,359] multiqc                                            [DEBUG  ]  Ignoring file as matched an ignore pattern: PD_224S_bmtagged_2_fastqc.html
[2026-04-21 21:21:43,359] multiqc                                            [DEBUG  ]  Ignoring file as matched an ignore pattern: PD_194S_bmtagged_1_fastqc.html
[2026-04-21 21:21:43,359] multiqc                                            [DEBUG  ]  Ignoring file as matched an ignore pattern: PD_50P_bmtagged_1_fastqc.html
[2026-04-21 21:21:43,359] multiqc                                            [DEBUG  ]  Ignoring file as matched an ignore pattern: PD_Lib_neg_plate1_bmtagged_1_fastqc.html
[2026-04-21 21:21:43,360] multiqc                                            [DEBUG  ]  Ignoring file as matched an ignore pattern: PD_6P_bmtagged_1_fastqc.html
[2026-04-21 21:21:43,360] multiqc                                            [DEBUG  ]  Ignoring file as matched an ignore pattern: PD_Lib_neg_plate1_bmtagged_2_fastqc.html
[2026-04-21 21:21:43,360] multiqc                                            [DEBUG  ]  Ignoring file as matched an ignore pattern: PD_50P_bmtagged_2_fastqc.html
[2026-04-21 21:21:43,360] multiqc                                            [DEBUG  ]  Ignoring file as matched an ignore pattern: PD_184S_bmtagged_2_fastqc.html
[2026-04-21 21:21:43,360] multiqc                                            [DEBUG  ]  Ignoring file as matched an ignore pattern: PD_6P_bmtagged_2_fastqc.html
[2026-04-21 21:21:43,360] multiqc                                            [DEBUG  ]  Ignoring file as matched an ignore pattern: PD_172S_bmtagged_1_fastqc.html
[2026-04-21 21:21:43,360] multiqc                                            [DEBUG  ]  Ignoring file as matched an ignore pattern: PD_194S_bmtagged_2_fastqc.html
[2026-04-21 21:21:43,360] multiqc                                            [DEBUG  ]  Ignoring file as matched an ignore pattern: PD_189P_bmtagged_1_fastqc.html
[2026-04-21 21:21:43,360] multiqc                                            [DEBUG  ]  Ignoring file as matched an ignore pattern: PD_172S_bmtagged_2_fastqc.html
[2026-04-21 21:21:43,360] multiqc                                            [DEBUG  ]  Ignoring file as matched an ignore pattern: PD_204_bmtagged_1_fastqc.html
[2026-04-21 21:21:43,361] multiqc                                            [DEBUG  ]  Ignoring file as matched an ignore pattern: PD_227P_bmtagged_1_fastqc.html
[2026-04-21 21:21:43,361] multiqc                                            [DEBUG  ]  Ignoring file as matched an ignore pattern: PD_204_bmtagged_2_fastqc.html
[2026-04-21 21:21:43,361] multiqc                                            [DEBUG  ]  Ignoring file as matched an ignore pattern: PD_189P_bmtagged_2_fastqc.html
[2026-04-21 21:21:43,361] multiqc                                            [DEBUG  ]  Ignoring file as matched an ignore pattern: PD_215S_bmtagged_1_fastqc.html
[2026-04-21 21:21:43,361] multiqc                                            [DEBUG  ]  Ignoring file as matched an ignore pattern: PD_70P_bmtagged_1_fastqc.html
[2026-04-21 21:21:43,361] multiqc                                            [DEBUG  ]  Ignoring file as matched an ignore pattern: PD_227P_bmtagged_2_fastqc.html
[2026-04-21 21:21:43,361] multiqc                                            [DEBUG  ]  Ignoring file as matched an ignore pattern: PD_70P_bmtagged_2_fastqc.html
[2026-04-21 21:21:43,361] multiqc                                            [DEBUG  ]  Ignoring file as matched an ignore pattern: PD_1P_bmtagged_1_fastqc.html
[2026-04-21 21:21:43,361] multiqc                                            [DEBUG  ]  Ignoring file as matched an ignore pattern: PD_161S_bmtagged_1_fastqc.html
[2026-04-21 21:21:43,361] multiqc                                            [DEBUG  ]  Ignoring file as matched an ignore pattern: PD_161S_bmtagged_2_fastqc.html
[2026-04-21 21:21:43,361] multiqc                                            [DEBUG  ]  Ignoring file as matched an ignore pattern: PD_107P_bmtagged_1_fastqc.html
[2026-04-21 21:21:43,362] multiqc                                            [DEBUG  ]  Ignoring file as matched an ignore pattern: PD_107P_bmtagged_2_fastqc.html
[2026-04-21 21:21:43,362] multiqc                                            [DEBUG  ]  Ignoring file as matched an ignore pattern: PD_63P_bmtagged_1_fastqc.html
[2026-04-21 21:21:43,362] multiqc                                            [DEBUG  ]  Ignoring file as matched an ignore pattern: PD_215S_bmtagged_2_fastqc.html
[2026-04-21 21:21:43,362] multiqc                                            [DEBUG  ]  Ignoring file as matched an ignore pattern: PD_119P_bmtagged_1_fastqc.html
[2026-04-21 21:21:43,362] multiqc                                            [DEBUG  ]  Ignoring file as matched an ignore pattern: PD_138S_bmtagged_1_fastqc.html
[2026-04-21 21:21:43,362] multiqc                                            [DEBUG  ]  Ignoring file as matched an ignore pattern: PD_4P_bmtagged_1_fastqc.html
[2026-04-21 21:21:43,362] multiqc                                            [DEBUG  ]  Ignoring file as matched an ignore pattern: PD_1P_bmtagged_2_fastqc.html
[2026-04-21 21:21:43,362] multiqc                                            [DEBUG  ]  Ignoring file as matched an ignore pattern: PD_63P_bmtagged_2_fastqc.html
[2026-04-21 21:21:43,362] multiqc                                            [DEBUG  ]  Ignoring file as matched an ignore pattern: PD_138S_bmtagged_2_fastqc.html
[2026-04-21 21:21:43,363] multiqc                                            [DEBUG  ]  Ignoring file as matched an ignore pattern: PD_119P_bmtagged_2_fastqc.html
[2026-04-21 21:21:43,363] multiqc                                            [DEBUG  ]  Ignoring file as matched an ignore pattern: PD_130S_bmtagged_1_fastqc.html
[2026-04-21 21:21:43,363] multiqc                                            [DEBUG  ]  Ignoring file as matched an ignore pattern: PD_146S_bmtagged_1_fastqc.html
[2026-04-21 21:21:43,363] multiqc                                            [DEBUG  ]  Ignoring file as matched an ignore pattern: PD_4P_bmtagged_2_fastqc.html
[2026-04-21 21:21:43,363] multiqc                                            [DEBUG  ]  Ignoring file as matched an ignore pattern: PD_130S_bmtagged_2_fastqc.html
[2026-04-21 21:21:43,363] multiqc                                            [DEBUG  ]  Ignoring file as matched an ignore pattern: PD_146S_bmtagged_2_fastqc.html
[2026-04-21 21:21:43,363] multiqc                                            [DEBUG  ]  Ignoring file as matched an ignore pattern: PD_178S_bmtagged_1_fastqc.html
[2026-04-21 21:21:43,363] multiqc                                            [DEBUG  ]  Ignoring file as matched an ignore pattern: PD_82P_bmtagged_1_fastqc.html
[2026-04-21 21:21:43,363] multiqc                                            [DEBUG  ]  Ignoring file as matched an ignore pattern: PD_73P_bmtagged_1_fastqc.html
[2026-04-21 21:21:43,363] multiqc                                            [DEBUG  ]  Ignoring file as matched an ignore pattern: PD_73P_bmtagged_2_fastqc.html
[2026-04-21 21:21:43,363] multiqc                                            [DEBUG  ]  Ignoring file as matched an ignore pattern: PD_82P_bmtagged_2_fastqc.html
[2026-04-21 21:21:43,364] multiqc                                            [DEBUG  ]  Ignoring file as matched an ignore pattern: PD_9P_bmtagged_1_fastqc.html
[2026-04-21 21:21:43,364] multiqc                                            [DEBUG  ]  Ignoring file as matched an ignore pattern: PD_178S_bmtagged_2_fastqc.html
[2026-04-21 21:21:43,364] multiqc                                            [DEBUG  ]  Ignoring file as matched an ignore pattern: PD_9P_bmtagged_2_fastqc.html
[2026-04-21 21:21:43,364] multiqc                                            [DEBUG  ]  Ignoring file as matched an ignore pattern: PD_12P_bmtagged_1_fastqc.html
[2026-04-21 21:21:43,364] multiqc                                            [DEBUG  ]  Ignoring file as matched an ignore pattern: PD_12P_bmtagged_2_fastqc.html
[2026-04-21 21:21:43,364] multiqc                                            [DEBUG  ]  Ignoring file as matched an ignore pattern: PD_142S_bmtagged_1_fastqc.html
[2026-04-21 21:21:43,364] multiqc                                            [DEBUG  ]  Ignoring file as matched an ignore pattern: PD_156P_bmtagged_1_fastqc.html
[2026-04-21 21:21:43,364] multiqc                                            [DEBUG  ]  Ignoring file as matched an ignore pattern: PD_142S_bmtagged_2_fastqc.html
[2026-04-21 21:21:43,364] multiqc                                            [DEBUG  ]  Ignoring file as matched an ignore pattern: PD_57P_bmtagged_1_fastqc.html
[2026-04-21 21:21:43,364] multiqc                                            [DEBUG  ]  Ignoring file as matched an ignore pattern: PD_116P_bmtagged_1_fastqc.html
[2026-04-21 21:21:43,365] multiqc                                            [DEBUG  ]  Ignoring file as matched an ignore pattern: PD_193P_bmtagged_1_fastqc.html
[2026-04-21 21:21:43,365] multiqc                                            [DEBUG  ]  Ignoring file as matched an ignore pattern: PD_226S_bmtagged_1_fastqc.html
[2026-04-21 21:21:43,365] multiqc                                            [DEBUG  ]  Ignoring file as matched an ignore pattern: PD_156P_bmtagged_2_fastqc.html
[2026-04-21 21:21:43,365] multiqc                                            [DEBUG  ]  Ignoring file as matched an ignore pattern: PD_57P_bmtagged_2_fastqc.html
[2026-04-21 21:21:43,365] multiqc                                            [DEBUG  ]  Ignoring file as matched an ignore pattern: PD_116P_bmtagged_2_fastqc.html
[2026-04-21 21:21:43,365] multiqc                                            [DEBUG  ]  Ignoring file as matched an ignore pattern: PD_193P_bmtagged_2_fastqc.html
[2026-04-21 21:21:43,365] multiqc                                            [DEBUG  ]  Ignoring file as matched an ignore pattern: PD_226S_bmtagged_2_fastqc.html
[2026-04-21 21:21:43,365] multiqc                                            [DEBUG  ]  Ignoring file as matched an ignore pattern: PD_181P_bmtagged_1_fastqc.html
[2026-04-21 21:21:43,365] multiqc                                            [DEBUG  ]  Ignoring file as matched an ignore pattern: PD_229P_bmtagged_1_fastqc.html
[2026-04-21 21:21:43,365] multiqc                                            [DEBUG  ]  Ignoring file as matched an ignore pattern: PD_181P_bmtagged_2_fastqc.html
[2026-04-21 21:21:43,366] multiqc                                            [DEBUG  ]  Ignoring file as matched an ignore pattern: PD_127S_bmtagged_1_fastqc.html
[2026-04-21 21:21:43,366] multiqc                                            [DEBUG  ]  Ignoring file as matched an ignore pattern: PD_229P_bmtagged_2_fastqc.html
[2026-04-21 21:21:43,366] multiqc                                            [DEBUG  ]  Ignoring file as matched an ignore pattern: PD_127S_bmtagged_2_fastqc.html
[2026-04-21 21:21:43,366] multiqc                                            [DEBUG  ]  Ignoring file as matched an ignore pattern: PD_195_bmtagged_1_fastqc.html
[2026-04-21 21:21:43,366] multiqc                                            [DEBUG  ]  Ignoring file as matched an ignore pattern: PD_123P_bmtagged_1_fastqc.html
[2026-04-21 21:21:43,366] multiqc                                            [DEBUG  ]  Ignoring file as matched an ignore pattern: PD_40P_bmtagged_1_fastqc.html
[2026-04-21 21:21:43,366] multiqc                                            [DEBUG  ]  Ignoring file as matched an ignore pattern: PD_165S_bmtagged_1_fastqc.html
[2026-04-21 21:21:43,366] multiqc                                            [DEBUG  ]  Ignoring file as matched an ignore pattern: PD_137P_bmtagged_1_fastqc.html
[2026-04-21 21:21:43,366] multiqc                                            [DEBUG  ]  Ignoring file as matched an ignore pattern: PD_40P_bmtagged_2_fastqc.html
[2026-04-21 21:21:43,366] multiqc                                            [DEBUG  ]  Ignoring file as matched an ignore pattern: PD_195_bmtagged_2_fastqc.html
[2026-04-21 21:21:43,366] multiqc                                            [DEBUG  ]  Ignoring file as matched an ignore pattern: PD_123P_bmtagged_2_fastqc.html
[2026-04-21 21:21:43,367] multiqc                                            [DEBUG  ]  Ignoring file as matched an ignore pattern: PD_137P_bmtagged_2_fastqc.html
[2026-04-21 21:21:43,367] multiqc                                            [DEBUG  ]  Ignoring file as matched an ignore pattern: PD_165S_bmtagged_2_fastqc.html
[2026-04-21 21:21:43,367] multiqc                                            [DEBUG  ]  Ignoring file as matched an ignore pattern: PD_58P_bmtagged_1_fastqc.html
[2026-04-21 21:21:43,367] multiqc                                            [DEBUG  ]  Ignoring file as matched an ignore pattern: PD_54P_bmtagged_1_fastqc.html
[2026-04-21 21:21:43,367] multiqc                                            [DEBUG  ]  Ignoring file as matched an ignore pattern: PD_232S_bmtagged_1_fastqc.html
[2026-04-21 21:21:43,367] multiqc                                            [DEBUG  ]  Ignoring file as matched an ignore pattern: PD_58P_bmtagged_2_fastqc.html
[2026-04-21 21:21:43,367] multiqc                                            [DEBUG  ]  Ignoring file as matched an ignore pattern: PD_54P_bmtagged_2_fastqc.html
[2026-04-21 21:21:43,367] multiqc                                            [DEBUG  ]  Ignoring file as matched an ignore pattern: PD_232S_bmtagged_2_fastqc.html
[2026-04-21 21:21:43,367] multiqc                                            [DEBUG  ]  Ignoring file as matched an ignore pattern: PD_151S_bmtagged_1_fastqc.html
[2026-04-21 21:21:43,367] multiqc                                            [DEBUG  ]  Ignoring file as matched an ignore pattern: PD_120S_bmtagged_1_fastqc.html
[2026-04-21 21:21:43,368] multiqc                                            [DEBUG  ]  Ignoring file as matched an ignore pattern: PD_151S_bmtagged_2_fastqc.html
[2026-04-21 21:21:43,368] multiqc                                            [DEBUG  ]  Ignoring file as matched an ignore pattern: PD_120S_bmtagged_2_fastqc.html
[2026-04-21 21:21:43,368] multiqc                                            [DEBUG  ]  Ignoring file as matched an ignore pattern: PD_16P_bmtagged_1_fastqc.html
[2026-04-21 21:21:43,368] multiqc                                            [DEBUG  ]  Ignoring file as matched an ignore pattern: PD_104P_bmtagged_1_fastqc.html
[2026-04-21 21:21:43,368] multiqc                                            [DEBUG  ]  Ignoring file as matched an ignore pattern: PD_208S_bmtagged_1_fastqc.html
[2026-04-21 21:21:43,368] multiqc                                            [DEBUG  ]  Ignoring file as matched an ignore pattern: PD_16P_bmtagged_2_fastqc.html
[2026-04-21 21:21:43,368] multiqc                                            [DEBUG  ]  Ignoring file as matched an ignore pattern: PD_104P_bmtagged_2_fastqc.html
[2026-04-21 21:21:43,368] multiqc                                            [DEBUG  ]  Ignoring file as matched an ignore pattern: PD_208S_bmtagged_2_fastqc.html
[2026-04-21 21:21:43,368] multiqc                                            [DEBUG  ]  Ignoring file as matched an ignore pattern: PD_13P_bmtagged_1_fastqc.html
[2026-04-21 21:21:43,368] multiqc                                            [DEBUG  ]  Ignoring file as matched an ignore pattern: PD_13P_bmtagged_2_fastqc.html
[2026-04-21 21:21:43,369] multiqc                                            [DEBUG  ]  Ignoring file as matched an ignore pattern: PD_14P_bmtagged_1_fastqc.html
[2026-04-21 21:21:43,369] multiqc                                            [DEBUG  ]  Ignoring file as matched an ignore pattern: PD_228S_bmtagged_1_fastqc.html
[2026-04-21 21:21:43,369] multiqc                                            [DEBUG  ]  Ignoring file as matched an ignore pattern: PD_14P_bmtagged_2_fastqc.html
[2026-04-21 21:21:43,369] multiqc                                            [DEBUG  ]  Ignoring file as matched an ignore pattern: PD_228S_bmtagged_2_fastqc.html
[2026-04-21 21:21:43,369] multiqc                                            [DEBUG  ]  Ignoring file as matched an ignore pattern: PD_34P_bmtagged_1_fastqc.html
[2026-04-21 21:21:43,369] multiqc                                            [DEBUG  ]  Ignoring file as matched an ignore pattern: PD_148P_bmtagged_1_fastqc.html
[2026-04-21 21:21:43,369] multiqc                                            [DEBUG  ]  Ignoring file as matched an ignore pattern: PD_34P_bmtagged_2_fastqc.html
[2026-04-21 21:21:43,369] multiqc                                            [DEBUG  ]  Ignoring file as matched an ignore pattern: PD_148P_bmtagged_2_fastqc.html
[2026-04-21 21:21:43,369] multiqc                                            [DEBUG  ]  Ignoring file as matched an ignore pattern: PD_77P_bmtagged_1_fastqc.html
[2026-04-21 21:21:43,369] multiqc                                            [DEBUG  ]  Ignoring file as matched an ignore pattern: PD_210S_bmtagged_1_fastqc.html
[2026-04-21 21:21:43,370] multiqc                                            [DEBUG  ]  Ignoring file as matched an ignore pattern: PD_77P_bmtagged_2_fastqc.html
[2026-04-21 21:21:43,370] multiqc                                            [DEBUG  ]  Ignoring file as matched an ignore pattern: PD_210S_bmtagged_2_fastqc.html
[2026-04-21 21:21:43,370] multiqc                                            [DEBUG  ]  Ignoring file as matched an ignore pattern: PD_11P_bmtagged_1_fastqc.html
[2026-04-21 21:21:43,370] multiqc                                            [DEBUG  ]  Ignoring file as matched an ignore pattern: PD_11P_bmtagged_2_fastqc.html
[2026-04-21 21:21:43,370] multiqc                                            [DEBUG  ]  Ignoring file as matched an ignore pattern: PD_157S_bmtagged_1_fastqc.html
[2026-04-21 21:21:43,370] multiqc                                            [DEBUG  ]  Ignoring file as matched an ignore pattern: PD_230S_bmtagged_1_fastqc.html
[2026-04-21 21:21:43,370] multiqc                                            [DEBUG  ]  Ignoring file as matched an ignore pattern: PD_157S_bmtagged_2_fastqc.html
[2026-04-21 21:21:43,370] multiqc                                            [DEBUG  ]  Ignoring file as matched an ignore pattern: PD_205P_bmtagged_1_fastqc.html
[2026-04-21 21:21:43,370] multiqc                                            [DEBUG  ]  Ignoring file as matched an ignore pattern: PD_230S_bmtagged_2_fastqc.html
[2026-04-21 21:21:43,370] multiqc                                            [DEBUG  ]  Ignoring file as matched an ignore pattern: PD_64P_bmtagged_1_fastqc.html
[2026-04-21 21:21:43,371] multiqc                                            [DEBUG  ]  Ignoring file as matched an ignore pattern: PD_205P_bmtagged_2_fastqc.html
[2026-04-21 21:21:43,371] multiqc                                            [DEBUG  ]  Ignoring file as matched an ignore pattern: PD_64P_bmtagged_2_fastqc.html
[2026-04-21 21:21:43,371] multiqc                                            [DEBUG  ]  Ignoring file as matched an ignore pattern: PD_108S_bmtagged_1_fastqc.html
[2026-04-21 21:21:43,371] multiqc                                            [DEBUG  ]  Ignoring file as matched an ignore pattern: PD_108S_bmtagged_2_fastqc.html
[2026-04-21 21:21:43,371] multiqc                                            [DEBUG  ]  Ignoring file as matched an ignore pattern: PD_173P_bmtagged_1_fastqc.html
[2026-04-21 21:21:43,371] multiqc                                            [DEBUG  ]  Ignoring file as matched an ignore pattern: PD_173P_bmtagged_2_fastqc.html
[2026-04-21 21:21:43,371] multiqc                                            [DEBUG  ]  Ignoring file as matched an ignore pattern: PD_35P_bmtagged_1_fastqc.html
[2026-04-21 21:21:43,371] multiqc                                            [DEBUG  ]  Ignoring file as matched an ignore pattern: PD_113P_bmtagged_1_fastqc.html
[2026-04-21 21:21:43,371] multiqc                                            [DEBUG  ]  Ignoring file as matched an ignore pattern: PD_35P_bmtagged_2_fastqc.html
[2026-04-21 21:21:43,371] multiqc                                            [DEBUG  ]  Ignoring file as matched an ignore pattern: PD_113P_bmtagged_2_fastqc.html
[2026-04-21 21:21:43,371] multiqc                                            [DEBUG  ]  Ignoring file as matched an ignore pattern: PD_175P_bmtagged_1_fastqc.html
[2026-04-21 21:21:43,372] multiqc                                            [DEBUG  ]  Ignoring file as matched an ignore pattern: PD_175P_bmtagged_2_fastqc.html
[2026-04-21 21:21:43,372] multiqc                                            [DEBUG  ]  Ignoring file as matched an ignore pattern: PD_209P_bmtagged_1_fastqc.html
[2026-04-21 21:21:43,372] multiqc                                            [DEBUG  ]  Ignoring file as matched an ignore pattern: PD_209P_bmtagged_2_fastqc.html
[2026-04-21 21:21:43,372] multiqc                                            [DEBUG  ]  Ignoring file as matched an ignore pattern: PD_183P_bmtagged_1_fastqc.html
[2026-04-21 21:21:43,372] multiqc                                            [DEBUG  ]  Ignoring file as matched an ignore pattern: PD_183P_bmtagged_2_fastqc.html
[2026-04-21 21:21:43,372] multiqc                                            [DEBUG  ]  Ignoring file as matched an ignore pattern: PD_126P_bmtagged_1_fastqc.html
[2026-04-21 21:21:43,372] multiqc                                            [DEBUG  ]  Ignoring file as matched an ignore pattern: PD_126P_bmtagged_2_fastqc.html
[2026-04-21 21:21:43,372] multiqc                                            [DEBUG  ]  Ignoring file as matched an ignore pattern: PD_145P_bmtagged_1_fastqc.html
[2026-04-21 21:21:43,372] multiqc                                            [DEBUG  ]  Ignoring file as matched an ignore pattern: PD_145P_bmtagged_2_fastqc.html
[2026-04-21 21:21:43,587] multiqc.modules.peddy.peddy                        [DEBUG  ]  Could not find any reports in ('/bulk/IMCshared_bulk/daniel/parkinsons/novaseq/metqc_output_daniel_snakemake/bmtagger/fastqc/',)
[2026-04-21 21:21:47,748] multiqc.modules.bismark.bismark                    [DEBUG  ]  Could not find any reports in ('/bulk/IMCshared_bulk/daniel/parkinsons/novaseq/metqc_output_daniel_snakemake/bmtagger/fastqc/',)
[2026-04-21 21:23:13,805] multiqc.modules.fastqc.fastqc                      [INFO   ]  Found 372 reports
[2026-04-21 21:23:43,982] multiqc.modules.cutadapt.cutadapt                  [DEBUG  ]  Could not find any reports in ('/bulk/IMCshared_bulk/daniel/parkinsons/novaseq/metqc_output_daniel_snakemake/bmtagger/fastqc/',)
[2026-04-21 21:23:44,055] multiqc.modules.goleft_indexcov.goleft_indexcov    [DEBUG  ]  Did not find goleft indexcov outputs in ('/bulk/IMCshared_bulk/daniel/parkinsons/novaseq/metqc_output_daniel_snakemake/bmtagger/fastqc/',)
[2026-04-21 21:23:44,197] multiqc.modules.kallisto.kallisto                  [DEBUG  ]  Could not find any reports in ('/bulk/IMCshared_bulk/daniel/parkinsons/novaseq/metqc_output_daniel_snakemake/bmtagger/fastqc/',)
[2026-04-21 21:23:44,243] multiqc.modules.busco.busco                        [DEBUG  ]  Could not find any reports in ('/bulk/IMCshared_bulk/daniel/parkinsons/novaseq/metqc_output_daniel_snakemake/bmtagger/fastqc/',)
[2026-04-21 21:23:44,661] multiqc.modules.samtools.samtools                  [DEBUG  ]  Could not find any reports in ('/bulk/IMCshared_bulk/daniel/parkinsons/novaseq/metqc_output_daniel_snakemake/bmtagger/fastqc/',)
[2026-04-21 21:23:45,891] multiqc.modules.picard.picard                      [DEBUG  ]  Could not find any reports in ('/bulk/IMCshared_bulk/daniel/parkinsons/novaseq/metqc_output_daniel_snakemake/bmtagger/fastqc/',)
[2026-04-21 21:23:46,536] multiqc.modules.rseqc.rseqc                        [DEBUG  ]  Could not find any reports in ('/bulk/IMCshared_bulk/daniel/parkinsons/novaseq/metqc_output_daniel_snakemake/bmtagger/fastqc/',)
[2026-04-21 21:23:46,582] multiqc.modules.quast.quast                        [DEBUG  ]  Could not find any reports in ('/bulk/IMCshared_bulk/daniel/parkinsons/novaseq/metqc_output_daniel_snakemake/bmtagger/fastqc/',)
[2026-04-21 21:23:46,718] multiqc.modules.gatk.gatk                          [DEBUG  ]  Could not find any reports in ('/bulk/IMCshared_bulk/daniel/parkinsons/novaseq/metqc_output_daniel_snakemake/bmtagger/fastqc/',)
[2026-04-21 21:23:46,766] multiqc.modules.hicup.hicup                        [DEBUG  ]  Could not find any HiCUP data in ('/bulk/IMCshared_bulk/daniel/parkinsons/novaseq/metqc_output_daniel_snakemake/bmtagger/fastqc/',)
[2026-04-21 21:23:46,804] multiqc.modules.qualimap.QM_BamQC                  [DEBUG  ]  Using default Qualimap thresholds: 1, 5, 10, 30, 50
[2026-04-21 21:23:46,949] multiqc.modules.qualimap.qualimap                  [DEBUG  ]  Could not find any reports in ('/bulk/IMCshared_bulk/daniel/parkinsons/novaseq/metqc_output_daniel_snakemake/bmtagger/fastqc/',)
[2026-04-21 21:23:46,997] multiqc.modules.featureCounts.feature_counts       [DEBUG  ]  Could not find any reports in ('/bulk/IMCshared_bulk/daniel/parkinsons/novaseq/metqc_output_daniel_snakemake/bmtagger/fastqc/',)
[2026-04-21 21:23:47,071] multiqc.modules.star.star                          [DEBUG  ]  Could not find any reports in ('/bulk/IMCshared_bulk/daniel/parkinsons/novaseq/metqc_output_daniel_snakemake/bmtagger/fastqc/',)
[2026-04-21 21:23:47,147] multiqc.modules.salmon.salmon                      [DEBUG  ]  Could not find any Salmon data in ('/bulk/IMCshared_bulk/daniel/parkinsons/novaseq/metqc_output_daniel_snakemake/bmtagger/fastqc/',)
[2026-04-21 21:23:47,195] multiqc.modules.fastq_screen.fastq_screen          [DEBUG  ]  Could not find any reports in ('/bulk/IMCshared_bulk/daniel/parkinsons/novaseq/metqc_output_daniel_snakemake/bmtagger/fastqc/',)
[2026-04-21 21:23:47,242] multiqc.modules.methylQA.methylQA                  [DEBUG  ]  Could not find any reports in ('/bulk/IMCshared_bulk/daniel/parkinsons/novaseq/metqc_output_daniel_snakemake/bmtagger/fastqc/',)
[2026-04-21 21:23:47,374] multiqc.modules.htseq.htseq                        [DEBUG  ]  Could not find any reports in ('/bulk/IMCshared_bulk/daniel/parkinsons/novaseq/metqc_output_daniel_snakemake/bmtagger/fastqc/',)
[2026-04-21 21:23:47,508] multiqc.modules.preseq.preseq                      [DEBUG  ]  Could not find any preseq data in ('/bulk/IMCshared_bulk/daniel/parkinsons/novaseq/metqc_output_daniel_snakemake/bmtagger/fastqc/',)
[2026-04-21 21:23:47,645] multiqc.modules.snpeff.snpeff                      [DEBUG  ]  Could not find any data in ('/bulk/IMCshared_bulk/daniel/parkinsons/novaseq/metqc_output_daniel_snakemake/bmtagger/fastqc/',)
[2026-04-21 21:23:47,784] multiqc.modules.bamtools.bamtools                  [DEBUG  ]  Could not find any reports in ('/bulk/IMCshared_bulk/daniel/parkinsons/novaseq/metqc_output_daniel_snakemake/bmtagger/fastqc/',)
[2026-04-21 21:23:47,923] multiqc.modules.bowtie1.bowtie1                    [DEBUG  ]  Could not find any reports in ('/bulk/IMCshared_bulk/daniel/parkinsons/novaseq/metqc_output_daniel_snakemake/bmtagger/fastqc/',)
[2026-04-21 21:23:48,058] multiqc.modules.trimmomatic.trimmomatic            [DEBUG  ]  Could not find any Trimmomatic data in ('/bulk/IMCshared_bulk/daniel/parkinsons/novaseq/metqc_output_daniel_snakemake/bmtagger/fastqc/',)
[2026-04-21 21:23:48,203] multiqc.modules.bowtie2.bowtie2                    [DEBUG  ]  Could not find any reports in ('/bulk/IMCshared_bulk/daniel/parkinsons/novaseq/metqc_output_daniel_snakemake/bmtagger/fastqc/',)
[2026-04-21 21:23:48,250] multiqc.modules.prokka.prokka                      [DEBUG  ]  Could not find any Prokka data in ('/bulk/IMCshared_bulk/daniel/parkinsons/novaseq/metqc_output_daniel_snakemake/bmtagger/fastqc/',)
[2026-04-21 21:23:48,945] multiqc.modules.slamdunk.slamdunk                  [DEBUG  ]  No slamdunk reports found.
[2026-04-21 21:23:49,029] multiqc.modules.clusterflow.clusterflow            [DEBUG  ]  Could not find any reports in ('/bulk/IMCshared_bulk/daniel/parkinsons/novaseq/metqc_output_daniel_snakemake/bmtagger/fastqc/',)
[2026-04-21 21:23:49,169] multiqc.modules.bcftools.bcftools                  [DEBUG  ]  Could not find any reports in ('/bulk/IMCshared_bulk/daniel/parkinsons/novaseq/metqc_output_daniel_snakemake/bmtagger/fastqc/',)
[2026-04-21 21:23:49,308] multiqc.modules.skewer.skewer                      [DEBUG  ]  Could not find any data in ('/bulk/IMCshared_bulk/daniel/parkinsons/novaseq/metqc_output_daniel_snakemake/bmtagger/fastqc/',)
[2026-04-21 21:23:49,360] multiqc.modules.tophat.tophat                      [DEBUG  ]  Could not find any reports in ('/bulk/IMCshared_bulk/daniel/parkinsons/novaseq/metqc_output_daniel_snakemake/bmtagger/fastqc/',)
[2026-04-21 21:23:49,502] multiqc.modules.samblaster.samblaster              [DEBUG  ]  Could not find any data in ('/bulk/IMCshared_bulk/daniel/parkinsons/novaseq/metqc_output_daniel_snakemake/bmtagger/fastqc/',)
[2026-04-21 21:23:49,565] multiqc.modules.custom_content.custom_content      [DEBUG  ]  No custom content found
[2026-04-21 21:23:49,589] multiqc                                            [INFO   ]  Report      : ../multiqc/multiqc_report_bmtagger_filtered.html
[2026-04-21 21:23:49,593] multiqc                                            [INFO   ]  Data        : ../multiqc/multiqc_report_bmtagger_filtered_data
[2026-04-21 21:23:49,594] multiqc                                            [DEBUG  ]  Moving data file from '/home/daniel.castanedamogo/tmp/tmp9Ap5NE/multiqc_data/multiqc_fastqc.txt' to '/bulk/IMCshared_bulk/daniel/parkinsons/novaseq/metqc_output_daniel_snakemake/multiqc/multiqc_report_bmtagger_filtered_data'
[2026-04-21 21:23:49,656] multiqc                                            [DEBUG  ]  Moving data file from '/home/daniel.castanedamogo/tmp/tmp9Ap5NE/multiqc_data/mqc_fastqc_per_base_sequence_quality_plot_1.txt' to '/bulk/IMCshared_bulk/daniel/parkinsons/novaseq/metqc_output_daniel_snakemake/multiqc/multiqc_report_bmtagger_filtered_data'
[2026-04-21 21:23:49,703] multiqc                                            [DEBUG  ]  Moving data file from '/home/daniel.castanedamogo/tmp/tmp9Ap5NE/multiqc_data/mqc_fastqc_per_sequence_quality_scores_plot_1.txt' to '/bulk/IMCshared_bulk/daniel/parkinsons/novaseq/metqc_output_daniel_snakemake/multiqc/multiqc_report_bmtagger_filtered_data'
[2026-04-21 21:23:49,744] multiqc                                            [DEBUG  ]  Moving data file from '/home/daniel.castanedamogo/tmp/tmp9Ap5NE/multiqc_data/mqc_fastqc_per_sequence_gc_content_plot_Percentages.txt' to '/bulk/IMCshared_bulk/daniel/parkinsons/novaseq/metqc_output_daniel_snakemake/multiqc/multiqc_report_bmtagger_filtered_data'
[2026-04-21 21:23:49,772] multiqc                                            [DEBUG  ]  Moving data file from '/home/daniel.castanedamogo/tmp/tmp9Ap5NE/multiqc_data/mqc_fastqc_per_sequence_gc_content_plot_Counts.txt' to '/bulk/IMCshared_bulk/daniel/parkinsons/novaseq/metqc_output_daniel_snakemake/multiqc/multiqc_report_bmtagger_filtered_data'
[2026-04-21 21:23:49,826] multiqc                                            [DEBUG  ]  Moving data file from '/home/daniel.castanedamogo/tmp/tmp9Ap5NE/multiqc_data/mqc_fastqc_per_base_n_content_plot_1.txt' to '/bulk/IMCshared_bulk/daniel/parkinsons/novaseq/metqc_output_daniel_snakemake/multiqc/multiqc_report_bmtagger_filtered_data'
[2026-04-21 21:23:49,840] multiqc                                            [DEBUG  ]  Moving data file from '/home/daniel.castanedamogo/tmp/tmp9Ap5NE/multiqc_data/mqc_fastqc_sequence_length_distribution_plot_1.txt' to '/bulk/IMCshared_bulk/daniel/parkinsons/novaseq/metqc_output_daniel_snakemake/multiqc/multiqc_report_bmtagger_filtered_data'
[2026-04-21 21:23:49,887] multiqc                                            [DEBUG  ]  Moving data file from '/home/daniel.castanedamogo/tmp/tmp9Ap5NE/multiqc_data/mqc_fastqc_sequence_duplication_levels_plot_1.txt' to '/bulk/IMCshared_bulk/daniel/parkinsons/novaseq/metqc_output_daniel_snakemake/multiqc/multiqc_report_bmtagger_filtered_data'
[2026-04-21 21:23:49,958] multiqc                                            [DEBUG  ]  Moving data file from '/home/daniel.castanedamogo/tmp/tmp9Ap5NE/multiqc_data/mqc_fastqc_overrepresented_sequencesi_plot_1.txt' to '/bulk/IMCshared_bulk/daniel/parkinsons/novaseq/metqc_output_daniel_snakemake/multiqc/multiqc_report_bmtagger_filtered_data'
[2026-04-21 21:23:50,012] multiqc                                            [DEBUG  ]  Moving data file from '/home/daniel.castanedamogo/tmp/tmp9Ap5NE/multiqc_data/mqc_fastqc_adapter_content_plot_1.txt' to '/bulk/IMCshared_bulk/daniel/parkinsons/novaseq/metqc_output_daniel_snakemake/multiqc/multiqc_report_bmtagger_filtered_data'
[2026-04-21 21:23:50,051] multiqc                                            [DEBUG  ]  Moving data file from '/home/daniel.castanedamogo/tmp/tmp9Ap5NE/multiqc_data/multiqc_general_stats.txt' to '/bulk/IMCshared_bulk/daniel/parkinsons/novaseq/metqc_output_daniel_snakemake/multiqc/multiqc_report_bmtagger_filtered_data'
[2026-04-21 21:23:50,077] multiqc                                            [DEBUG  ]  Moving data file from '/home/daniel.castanedamogo/tmp/tmp9Ap5NE/multiqc_data/multiqc_sources.txt' to '/bulk/IMCshared_bulk/daniel/parkinsons/novaseq/metqc_output_daniel_snakemake/multiqc/multiqc_report_bmtagger_filtered_data'
[2026-04-21 21:23:50,660] multiqc                                            [INFO   ]  MultiQC complete
